recipedumper:oredict!@ingotNetherSteel->
recipedumper:oredict!@cropBeechnut->(14258:26,1)
recipedumper:oredict!@crushedPurifiedUranium->(30063:4,1)
recipedumper:oredict!@ingotSaltpeter->
recipedumper:oredict!@blockEmerald->(133:0,1)
recipedumper:oredict!@cropPear->(14258:22,1)
recipedumper:oredict!@cinnabar->
recipedumper:oredict!@oreVulcanite->
recipedumper:oredict!@ingotPlastic->
recipedumper:oredict!@dustObsidian->(30066:11,1)(7783:0,1)(20264:3,1)
recipedumper:oredict!@foodCinnamonandSugar->(20256:49,1)
recipedumper:oredict!@ingotImpureSilver->
recipedumper:oredict!@cropSatsuma->(14258:13,1)
recipedumper:oredict!@foodCheeseburger->(20256:42,1)
recipedumper:oredict!@compressedDirt3x->(2506:10,1)
recipedumper:oredict!@ingotTanzanite->
recipedumper:oredict!@cropOlive->(14258:35,1)
recipedumper:oredict!@ceramicPlate->(20255:4,1)
recipedumper:oredict!@dyePinkCrystalShard->(10001:9,1)
recipedumper:oredict!@dustTartarite->
recipedumper:oredict!@glassPanePink->(3130:6,1)
recipedumper:oredict!@dustManyullyn->(14276:41,1)
recipedumper:oredict!@crushedArdite->(31999:6,1)
recipedumper:oredict!@blockRubber->(3219:0,1)
recipedumper:oredict!@gearWood->(19356:0,1)
recipedumper:oredict!@dustFzDarkIron->
recipedumper:oredict!@oreFirestone->(458:5,1)
recipedumper:oredict!@dyePurpleCrystal->(770:5,1)
recipedumper:oredict!@gemCopper->
recipedumper:oredict!@gemApatite->(31975:0,1)(30901:19,1)
recipedumper:oredict!@ingotSulfur->
recipedumper:oredict!@compressedDirt4x->(2506:11,1)
recipedumper:oredict!@componentSolarPanel->(25026:17,1)
recipedumper:oredict!@oreSiliconDioxide->
recipedumper:oredict!@nuggetPlatinum->(20264:101,1)
recipedumper:oredict!@ingotNetherAmber->
recipedumper:oredict!@oreNetherRuby->
recipedumper:oredict!@ingotPlutonium->(18006:3,1)
recipedumper:oredict!@ingotNetherrack->
recipedumper:oredict!@oreHepatizon->
recipedumper:oredict!@nuggetTin->(14276:21,1)(14360:3,1)(25362:2,1)(26120:2,1)(20264:97,1)
recipedumper:oredict!@foodRoastedMarshmellowsBurned->(20256:137,1)
recipedumper:oredict!@shardWater->(25363:2,1)(30901:15,1)(25363:2,1)
recipedumper:oredict!@beeComb->(13360:32767,1)(26090:32767,1)(8776:32767,1)
recipedumper:oredict!@copperIngot->
recipedumper:oredict!@itemWrench->
recipedumper:oredict!@stoneSchist->(776:14,1)
recipedumper:oredict!@itemDustSteel->
recipedumper:oredict!@clumpCobalt->(31999:15,1)
recipedumper:oredict!@compressedDirt1x->(2506:8,1)
recipedumper:oredict!@rockBasalt->(776:1,1)
recipedumper:oredict!@ingotObsidian->(14276:18,1)
recipedumper:oredict!@dyePurple->(351:5,1)(13056:5,1)(2137:10,1)
recipedumper:oredict!@turbineHousing->(1760:0,1)
recipedumper:oredict!@cleanGravelLead->(9291:2,1)
recipedumper:oredict!@crystalQuartz->(30901:9,1)
recipedumper:oredict!@glassPaneGray->(3130:7,1)
recipedumper:oredict!@dustElectrumFlux->(20656:0,1)
recipedumper:oredict!@oreGlowstone->
recipedumper:oredict!@oreRutile->(1054:2,1)
recipedumper:oredict!@leavesTree->(3259:32767,1)(3258:32767,1)(3278:32767,1)(3272:32767,1)
recipedumper:oredict!@oreNetherArdite->
recipedumper:oredict!@nuggetAluminium->(14276:22,1)(14360:4,1)
recipedumper:oredict!@dustTinySilver->(30065:4,1)
recipedumper:oredict!@cropGrapefruit->(14258:11,1)
recipedumper:oredict!@compressedDirt2x->(2506:9,1)
recipedumper:oredict!@ingotCooperite->
recipedumper:oredict!@gemGold->
recipedumper:oredict!@oreHydratedCoal->
recipedumper:oredict!@foodCheese->(20256:32,1)
recipedumper:oredict!@ingotNetherTopaz->
recipedumper:oredict!@itemIngotBronze->
recipedumper:oredict!@oreSawdust->
recipedumper:oredict!@oreVinteum->
recipedumper:oredict!@aluminumIngot->
recipedumper:oredict!@dyeCyanCrystal->(770:6,1)
recipedumper:oredict!@dustPrometheum->
recipedumper:oredict!@dustNetherApatite->
recipedumper:oredict!@ingotMagmanite->
recipedumper:oredict!@ingotGalena->
recipedumper:oredict!@gemRedstone->
recipedumper:oredict!@rockOnyx->(776:15,1)
recipedumper:oredict!@crystallineManyullyn->
recipedumper:oredict!@dustTin->(30066:7,1)(8801:4,1)(20264:33,1)(4448:25,1)
recipedumper:oredict!@crushedTin->(30064:3,1)
recipedumper:oredict!@ingotIgnatius->
recipedumper:oredict!@foodBeefJerkeyBurned->(20256:124,1)
recipedumper:oredict!@arditeIngot->
recipedumper:oredict!@glassPaneCyan->(3130:9,1)
recipedumper:oredict!@oreCertusQuartz->(854:0,1)
recipedumper:oredict!@ingotThaumium->(25356:2,1)
recipedumper:oredict!@stairsWood->
recipedumper:oredict!@foodRoastedMarshmellows->(20256:115,1)
recipedumper:oredict!@hornfel->(776:12,1)
recipedumper:oredict!@foodSugarCookie->(20256:118,1)
recipedumper:oredict!@cleanGravelArdite->(9291:9,1)
recipedumper:oredict!@foodChocolateSauceBurned->(20256:129,1)
recipedumper:oredict!@blockAlumite->(1478:8,1)
recipedumper:oredict!@hambone->(3242:0,1)
recipedumper:oredict!@ingotImpureIron->
recipedumper:oredict!@dustGlowstone->(348:0,1)(348:0,1)
recipedumper:oredict!@ingotQuicklime->
recipedumper:oredict!@ingotNetherRuby->
recipedumper:oredict!@glassPaneMagenta->(3130:2,1)
recipedumper:oredict!@cropStingberry->(12657:3,1)
recipedumper:oredict!@apatiteOre->
recipedumper:oredict!@oreImpureLead->
recipedumper:oredict!@oreNetherElectrum->
recipedumper:oredict!@cropKumquat->(14258:2,1)
recipedumper:oredict!@oreAlumite->
recipedumper:oredict!@dustFluorite->
recipedumper:oredict!@dustNetherObsidian->
recipedumper:oredict!@foodStrawberryJellyCookieBurned->(20256:141,1)
recipedumper:oredict!@ingotCelenegil->
recipedumper:oredict!@foodCaramelApple->(20256:47,1)
recipedumper:oredict!@sheetCardboard->(27426:0,1)
recipedumper:oredict!@oreInfusedEarth->(2403:4,1)(2403:4,1)
recipedumper:oredict!@ingotTinyTin->
recipedumper:oredict!@crystallinePigIron->
recipedumper:oredict!@ingotAmordrine->
recipedumper:oredict!@ingotSoulSand->
recipedumper:oredict!@blockElectrumFlux->(1115:0,1)
recipedumper:oredict!@ingotNetherGold->
recipedumper:oredict!@dustAluminiumBrass->(14276:42,1)
recipedumper:oredict!@oreNetherTanzanite->
recipedumper:oredict!@blockAluminum->(1478:6,1)(1054:8,1)(3174:0,1)
recipedumper:oredict!@foodFrenchToastBurned->(20256:130,1)
recipedumper:oredict!@oreTinyCobalt->
recipedumper:oredict!@dyeCyan->(351:6,1)(13056:6,1)(2137:9,1)
recipedumper:oredict!@oreAsh->
recipedumper:oredict!@oreTinyLithium->
recipedumper:oredict!@schist->(776:14,1)
recipedumper:oredict!@woodRod->(14277:0,1)
recipedumper:oredict!@blockUranium->(3476:3,1)
recipedumper:oredict!@ingotGlue->
recipedumper:oredict!@ingotEmerald->
recipedumper:oredict!@glassLime->(3225:5,1)(3129:5,1)
recipedumper:oredict!@foodSnickerdoodleBurned->(20256:140,1)
recipedumper:oredict!@steelIngot->
recipedumper:oredict!@dustNetherEssence->
recipedumper:oredict!@nuggetEmerald->
recipedumper:oredict!@cropPeach->(14258:12,1)(14258:19,1)
recipedumper:oredict!@oreImpureCopper->
recipedumper:oredict!@glassRed->(3225:14,1)(3129:14,1)
recipedumper:oredict!@dustNetherTanzanite->
recipedumper:oredict!@ingotAluminum->(14276:11,1)(20522:0,1)(30889:4,1)(30901:6,1)(15157:4,1)(13440:0,1)
recipedumper:oredict!@foodStrawberryIceCreamChocolateSauce->(20256:100,1)
recipedumper:oredict!@dustCobalt->(14276:39,1)
recipedumper:oredict!@ingotCassiterite->
recipedumper:oredict!@foodGroundCinnamon->(20256:83,1)
recipedumper:oredict!@oreRuby->(1942:2,1)(3172:6,1)(2130:0,1)
recipedumper:oredict!@reducedDark Iron->(9292:10,1)
recipedumper:oredict!@dustImpureTin->(4448:16,1)
recipedumper:oredict!@obsidianRod->(14277:6,1)(7010:0,1)(6406:0,1)
recipedumper:oredict!@oreYellorium->
recipedumper:oredict!@ingotImpureLead->
recipedumper:oredict!@flintRod->(14277:3,1)
recipedumper:oredict!@brickPeat->(5273:0,1)
recipedumper:oredict!@oreYellorite->(2148:0,1)
recipedumper:oredict!@gemLead->
recipedumper:oredict!@dustBronze->(30066:0,1)(20264:40,1)(13859:0,1)
recipedumper:oredict!@ingotCyanite->(18006:1,1)
recipedumper:oredict!@MonazitOre->
recipedumper:oredict!@coralLightBlue->(1021:4,1)(1969:6,1)
recipedumper:oredict!@oreNetherAlumite->
recipedumper:oredict!@ingotDiamond->
recipedumper:oredict!@dustArdite->(14276:38,1)
recipedumper:oredict!@foodChocolateSauce->(20256:112,1)
recipedumper:oredict!@oreShadow Steel->
recipedumper:oredict!@foodFriedChicken->(20256:52,1)
recipedumper:oredict!@sludge->(9295:0,1)
recipedumper:oredict!@dyeBrownCrystal->(770:3,1)
recipedumper:oredict!@componentComputerChip->(25026:19,1)
recipedumper:oredict!@craftingToolWireCutter->(30153:32767,1)
recipedumper:oredict!@glassLightBlue->(3225:3,1)(3129:3,1)
recipedumper:oredict!@ingotHSLA->(30887:1,1)
recipedumper:oredict!@naturalAluminum->
recipedumper:oredict!@blockManganese->
recipedumper:oredict!@blockCelenegil->
recipedumper:oredict!@dustGreenSapphire->
recipedumper:oredict!@foodFrenchFries->(20256:2,1)
recipedumper:oredict!@crushedSilver->(30064:5,1)
recipedumper:oredict!@glassWhite->(3225:0,1)(3129:0,1)
recipedumper:oredict!@oreIgnatius->
recipedumper:oredict!@dyeCeramicBlue->(12261:11,1)
recipedumper:oredict!@oreMagmanite->
recipedumper:oredict!@nuggetMeatRaw->(12283:0,1)
recipedumper:oredict!@ingotElectricalSteel->(8787:0,1)
recipedumper:oredict!@gemSapphire->(21264:6,1)(30901:25,1)(30901:73,1)(13431:2,1)(9005:38,1)
recipedumper:oredict!@dustNetherAluminumBrass->
recipedumper:oredict!@cleanGravelGalena->(9291:6,1)
recipedumper:oredict!@cropPlum->(13386:4,1)(14258:8,1)
recipedumper:oredict!@foodPeanutButterCookeDough->(20256:97,1)
recipedumper:oredict!@gemSunstone->(30901:62,1)
recipedumper:oredict!@dustCalcite->
recipedumper:oredict!@dustNetherInvar->
recipedumper:oredict!@oreTinyCopper->
recipedumper:oredict!@blockObsidian->
recipedumper:oredict!@oreNetherAluminium->
recipedumper:oredict!@componentArtificialMuscle->(25026:16,1)
recipedumper:oredict!@dustPureArdite->(4448:31,1)
recipedumper:oredict!@ingotForce->
recipedumper:oredict!@dyeCeramicMagenta->(12261:2,1)
recipedumper:oredict!@dustNetherGalena->
recipedumper:oredict!@foodPeanutButter->(20256:30,1)
recipedumper:oredict!@ingotPigIron->(14276:34,1)
recipedumper:oredict!@foodBaconBurned->(20256:123,1)
recipedumper:oredict!@blockGlass->(20:0,1)(3362:0,1)(3362:1,1)
recipedumper:oredict!@gemRuby->(21264:1,1)(30901:24,1)(13431:1,1)(9005:37,1)
recipedumper:oredict!@clusterTin->(25362:18,1)
recipedumper:oredict!@oreMithril->
recipedumper:oredict!@cropSandPear->(14258:23,1)
recipedumper:oredict!@oreNetherSapphire->
recipedumper:oredict!@dustSilver->(30066:6,1)(20264:34,1)(4448:24,1)
recipedumper:oredict!@dustPeridot->
recipedumper:oredict!@nickelOre->
recipedumper:oredict!@orePureCobalt->
recipedumper:oredict!@dustNetherNickel->
recipedumper:oredict!@platinumOre->
recipedumper:oredict!@amberGem->
recipedumper:oredict!@itemIngotSteel->
recipedumper:oredict!@oreTinySulfur->
recipedumper:oredict!@cropCinnamon->(20256:82,1)(4034:0,1)
recipedumper:oredict!@invarIngot->
recipedumper:oredict!@ingotSunstone->
recipedumper:oredict!@dustImpureCobalt->(4448:28,1)
recipedumper:oredict!@ingotChimerite->
recipedumper:oredict!@itemCoal->(30901:28,1)
recipedumper:oredict!@blockDiamond->(57:0,1)
recipedumper:oredict!@crushedLead->(30064:6,1)
recipedumper:oredict!@oreNetherInvar->
recipedumper:oredict!@cleanGravelIron->(9291:0,1)
recipedumper:oredict!@oreImpureSilver->
recipedumper:oredict!@reactorCoolantPort->(2145:15,1)
recipedumper:oredict!@cropHazelnut->(14258:24,1)
recipedumper:oredict!@foodPBSandwich->(20256:96,1)
recipedumper:oredict!@componentFieldEmitter->(25026:11,1)
recipedumper:oredict!@blockCoal->(173:0,1)
recipedumper:oredict!@coralBrown->(1021:6,1)
recipedumper:oredict!@blockHepatizon->
recipedumper:oredict!@blockLimestone->(1054:3,1)(2735:0,1)
recipedumper:oredict!@foodButterCookieBurned->(20256:125,1)
recipedumper:oredict!@ingotRutile->(20522:3,1)
recipedumper:oredict!@dustNetherTopaz->
recipedumper:oredict!@stoneLimestone->(776:3,1)
recipedumper:oredict!@ingotVyroxeres->
recipedumper:oredict!@dustNetherElectrum->
recipedumper:oredict!@stoneSlate->(776:7,1)
recipedumper:oredict!@foodBacon->(20256:67,1)
recipedumper:oredict!@oreOureclase->
recipedumper:oredict!@stoneGneiss->(776:8,1)
recipedumper:oredict!@gemTungsten->
recipedumper:oredict!@ingotInfusedEarth->
recipedumper:oredict!@ingotNetherGreenSapphire->
recipedumper:oredict!@dustNetherAluminum->
recipedumper:oredict!@ingotNetherObsidian->
recipedumper:oredict!@dyeGray->(351:8,1)(13056:8,1)(2137:7,1)
recipedumper:oredict!@craftingToolForgeHammer->(30040:32767,1)
recipedumper:oredict!@ingotManganese->
recipedumper:oredict!@oreNetherUranium->(1440:11,1)
recipedumper:oredict!@ingotRubracium->
recipedumper:oredict!@leavesRubber->(3123:0,1)
recipedumper:oredict!@oreDiamond->(56:0,1)(458:2,1)
recipedumper:oredict!@ingotMithril->
recipedumper:oredict!@gearBronze->(31968:0,1)(20264:228,1)
recipedumper:oredict!@fertilizerOrganic->(12248:0,1)
recipedumper:oredict!@ingotYellorite->
recipedumper:oredict!@ingotLead->(30067:5,1)(9270:0,1)(20264:67,1)(30901:2,1)(30901:37,1)(13440:3,1)
recipedumper:oredict!@ingotIridium->(30901:7,1)(30901:70,1)
recipedumper:oredict!@plankWood->(5:32767,1)(3262:0,1)(3262:1,1)(3262:2,1)(3262:3,1)(3262:5,1)(3262:6,1)(3262:7,1)(3262:8,1)(3262:9,1)(3262:10,1)(3262:11,1)(3262:13,1)(1947:32767,1)(1380:32767,1)(1417:32767,1)(2414:6,1)(2414:7,1)(3700:0,1)(3700:1,1)(3700:2,1)(3700:3,1)(3700:4,1)(3700:5,1)(3700:6,1)(3700:7,1)(3700:8,1)(3700:9,1)(3700:10,1)(3700:11,1)(3700:12,1)(3700:13,1)(3700:14,1)(3700:15,1)(3700:16,1)(3700:17,1)(3700:18,1)(3700:19,1)(3700:20,1)(3700:21,1)(3700:22,1)(3700:23,1)(3700:24,1)(3700:25,1)(3700:26,1)(3700:27,1)(3700:28,1)(3700:29,1)(3700:30,1)(3700:31,1)(3700:32,1)(3700:33,1)(3700:34,1)(3819:32767,1)(4072:0,1)(4072:1,1)(4072:2,1)(4072:3,1)(4072:4,1)(4072:5,1)(4072:6,1)(4072:7,1)(4072:8,1)(4072:9,1)(4072:10,1)(4072:11,1)(4072:12,1)(4072:13,1)(4072:14,1)(4072:15,1)(2519:0,1)(2519:1,1)(2519:2,1)(2519:3,1)(2519:4,1)(2519:5,1)(2519:6,1)(2519:7,1)(2519:8,1)(2519:9,1)(2519:10,1)(2519:11,1)(2519:12,1)(2519:13,1)(2519:14,1)(2519:15,1)(2180:32767,1)
recipedumper:oredict!@ingotYellorium->(18006:0,1)
recipedumper:oredict!@blockCrystalFlux->(1115:1,1)
recipedumper:oredict!@dustNikolite->(30901:22,1)(30901:40,1)
recipedumper:oredict!@ingotDeep Iron->
recipedumper:oredict!@oreNetherSalt->(1442:13,1)
recipedumper:oredict!@bronzeIngot->
recipedumper:oredict!@dyePink->(351:9,1)(13056:9,1)(2137:6,1)
recipedumper:oredict!@ingotNetherSapphire->
recipedumper:oredict!@ingotAluminium->(14276:11,1)(20522:0,1)(30889:4,1)(30901:6,1)(15157:4,1)(13440:0,1)
recipedumper:oredict!@blockCeruclase->
recipedumper:oredict!@itemPlateGold->
recipedumper:oredict!@forceOre->
recipedumper:oredict!@dustIron->(30066:5,1)(8801:1,1)(20264:0,1)(4362:8,1)(4448:20,1)
recipedumper:oredict!@dustTinyArdite->(31999:10,1)
recipedumper:oredict!@crystallineSteel->
recipedumper:oredict!@gemLapis->(351:4,1)
recipedumper:oredict!@oreBlack Steel->
recipedumper:oredict!@dustSphalerite->
recipedumper:oredict!@oreWheat->
recipedumper:oredict!@dyeYellowCrystal->(770:11,1)
recipedumper:oredict!@blockPigIron->
recipedumper:oredict!@blockCopper->(3476:0,1)(1478:3,1)(1054:12,1)(2012:0,1)(3174:2,1)
recipedumper:oredict!@silverOre->
recipedumper:oredict!@blockNickel->(2012:4,1)(3174:4,1)
recipedumper:oredict!@oreLead->(2001:3,1)(3172:3,1)
recipedumper:oredict!@oreArdite->(1475:2,1)
recipedumper:oredict!@dustIndium->
recipedumper:oredict!@dustNetherSulfur->
recipedumper:oredict!@clusterSilver->(25362:19,1)
recipedumper:oredict!@ingotBlutonium->(18006:3,1)
recipedumper:oredict!@dustCinnabar->
recipedumper:oredict!@oreAluminum->(1475:5,1)(1488:4,1)(1054:0,1)(432:4,1)(3172:0,1)
recipedumper:oredict!@ingotNetherNaturalAluminum->
recipedumper:oredict!@oreBrass->
recipedumper:oredict!@nuggetGold->(371:0,1)(14360:1,1)(371:0,1)
recipedumper:oredict!@foodSliceofBread->(20256:51,1)
recipedumper:oredict!@blockMagnesium->(1054:10,1)
recipedumper:oredict!@ingotTinyAluminium->
recipedumper:oredict!@crystallineNaturalAluminum->
recipedumper:oredict!@blockManyullyn->(1478:2,1)
recipedumper:oredict!@boneRod->(14277:5,1)
recipedumper:oredict!@dustPureCobalt->(4448:30,1)
recipedumper:oredict!@oreCarmot->
recipedumper:oredict!@crystallineGold->(9293:1,1)
recipedumper:oredict!@groundTin->(4448:2,1)
recipedumper:oredict!@ingotPrometheum->
recipedumper:oredict!@crystallineEmerald->
recipedumper:oredict!@ingotPureCobalt->
recipedumper:oredict!@blockUnstable->(2523:1,1)
recipedumper:oredict!@cropClove->(14258:39,1)
recipedumper:oredict!@granite->(776:0,1)
recipedumper:oredict!@foodHamburgerPatty->(20256:64,1)
recipedumper:oredict!@apatiteGem->
recipedumper:oredict!@foodPastaDough->(20256:39,1)
recipedumper:oredict!@foodCookingOil->(20256:79,1)
recipedumper:oredict!@counter->(4037:0,1)
recipedumper:oredict!@itemIngotCopper->
recipedumper:oredict!@oreMythril->
recipedumper:oredict!@dyeBlue->(351:4,1)(12660:8,1)(21266:5,1)(8829:21,1)(13056:4,1)(30901:32,1)(30901:54,1)(2137:11,1)
recipedumper:oredict!@gearCopper->(5275:0,1)(20264:224,1)
recipedumper:oredict!@dustWood->(30891:3,1)
recipedumper:oredict!@clayPlate->(20255:1,1)
recipedumper:oredict!@ingotCinnabar->
recipedumper:oredict!@dustInolashite->
recipedumper:oredict!@itemMonazit->
recipedumper:oredict!@ingotEssence->
recipedumper:oredict!@reducedGalena->(9292:6,1)
recipedumper:oredict!@cropLime->(14258:3,1)(14258:16,1)(14258:17,1)
recipedumper:oredict!@dyeGrayCrystalShard->(10001:8,1)
recipedumper:oredict!@dustGold->(30066:4,1)(8801:2,1)(20264:1,1)(4362:9,1)(4448:19,1)
recipedumper:oredict!@ingotDirtyAluminium->
recipedumper:oredict!@dyeMagenta->(351:13,1)(13056:13,1)(2137:2,1)
recipedumper:oredict!@nuggetElectrumFlux->(20656:64,1)
recipedumper:oredict!@foodBowlofRawPasta->(20256:86,1)
recipedumper:oredict!@dustNetherGreenSapphire->
recipedumper:oredict!@orePlatinum->(432:5,1)
recipedumper:oredict!@foodAppleGelatin->(20256:36,1)
recipedumper:oredict!@ingotGraphite->(18006:2,1)
recipedumper:oredict!@itemPlateBronze->
recipedumper:oredict!@dirtyGravelSilver->(9290:5,1)
recipedumper:oredict!@gearDiamond->(19360:0,1)
recipedumper:oredict!@cropFig->(14258:32,1)
recipedumper:oredict!@dustNetherBronze->
recipedumper:oredict!@blockTin->(3476:1,1)(1478:5,1)(2012:1,1)(3174:8,1)
recipedumper:oredict!@reactorController->(2145:6,1)
recipedumper:oredict!@dyeLime->(351:10,1)(13056:10,1)(2137:5,1)
recipedumper:oredict!@ingotBlack Steel->
recipedumper:oredict!@oreInfusedWater->(2403:3,1)(2403:3,1)
recipedumper:oredict!@ceramicBowl->(20255:3,1)
recipedumper:oredict!@foodCheesyBaconPotatoes->(20256:88,1)
recipedumper:oredict!@cropApricot->(14258:10,1)
recipedumper:oredict!@ingotGreenSapphire->
recipedumper:oredict!@componentGliderWing->(25026:3,1)
recipedumper:oredict!@oreNetherDiamond->(1440:1,1)
recipedumper:oredict!@dustVinteum->(30901:59,1)
recipedumper:oredict!@groundSilver->(4448:8,1)
recipedumper:oredict!@waxMagical->(26091:0,1)(26091:2,1)
recipedumper:oredict!@oreNetherYellorite->
recipedumper:oredict!@dyeCeramicGreen->(12261:13,1)
recipedumper:oredict!@oreAluminium->(1475:5,1)(1488:4,1)(1054:0,1)
recipedumper:oredict!@foodBatter->(20256:17,1)
recipedumper:oredict!@ProjRed|Exploration:bag->(9004:0,1)(9004:1,1)(9004:2,1)(9004:3,1)(9004:4,1)(9004:5,1)(9004:6,1)(9004:7,1)(9004:8,1)(9004:9,1)(9004:10,1)(9004:11,1)(9004:12,1)(9004:13,1)(9004:14,1)(9004:15,1)
recipedumper:oredict!@crystallineAlumite->
recipedumper:oredict!@foodRawFrenchToast->(20256:16,1)
recipedumper:oredict!@oreEnderPearl->
recipedumper:oredict!@cropStrawberry->(4028:0,1)
recipedumper:oredict!@dustImpureArdite->(4448:29,1)
recipedumper:oredict!@blockBronze->(3476:2,1)(1478:4,1)(2012:8,1)(3174:1,1)
recipedumper:oredict!@turbineFluidPort->(1760:3,1)
recipedumper:oredict!@oreCharcoal->
recipedumper:oredict!@coralLightGray->(1021:11,1)
recipedumper:oredict!@dyeGreenCrystal->(770:2,1)
recipedumper:oredict!@ingotNetherEmerald->
recipedumper:oredict!@dustNetherPlatinum->
recipedumper:oredict!@dustNetherSteel->
recipedumper:oredict!@cropAcorn->(14258:33,1)
recipedumper:oredict!@ingotTinyGold->
recipedumper:oredict!@cleanGravelSilver->(9291:5,1)
recipedumper:oredict!@dirtyGravelCobalt->(9290:8,1)
recipedumper:oredict!@glassPurple->(3225:10,1)(3129:10,1)
recipedumper:oredict!@plateTin->(30041:1,1)(13872:0,1)
recipedumper:oredict!@blockCloud->(2764:0,1)
recipedumper:oredict!@foodApplePieBurned->(20256:122,1)
recipedumper:oredict!@shardOrder->(25363:4,1)(30901:18,1)(25363:4,1)
recipedumper:oredict!@clusterIron->(25362:16,1)
recipedumper:oredict!@glassPaneWhite->(3130:0,1)
recipedumper:oredict!@ingotMidasium->
recipedumper:oredict!@blockZinc->
recipedumper:oredict!@slate->(776:7,1)
recipedumper:oredict!@compressedCobblestone1x->(2506:0,1)
recipedumper:oredict!@ingotTennantite->
recipedumper:oredict!@rockGranulite->(776:11,1)
recipedumper:oredict!@glassPaneBlack->(3130:15,1)
recipedumper:oredict!@ingotSapphire->
recipedumper:oredict!@foodRawStrawberryPie->(20256:21,1)
recipedumper:oredict!@dustMoonstone->
recipedumper:oredict!@plateCopper->(30041:0,1)(13869:0,1)
recipedumper:oredict!@turbineRotorShaft->(1761:0,1)
recipedumper:oredict!@chestWood->(54:0,1)(54:0,1)
recipedumper:oredict!@charcoal->(263:1,1)
recipedumper:oredict!@crystallineArdite->(9293:9,1)
recipedumper:oredict!@dustElectrum->(20264:38,1)
recipedumper:oredict!@crushedPurifiedAluminium->(31999:12,1)
recipedumper:oredict!@compressedCobblestone2x->(2506:1,1)
recipedumper:oredict!@dustFirestone->
recipedumper:oredict!@oreSilicon->
recipedumper:oredict!@blockInvar->(2012:7,1)
recipedumper:oredict!@projredInsulatedWire->(9046:1,1)(9046:2,1)(9046:3,1)(9046:4,1)(9046:5,1)(9046:6,1)(9046:7,1)(9046:8,1)(9046:9,1)(9046:10,1)(9046:11,1)(9046:12,1)(9046:13,1)(9046:14,1)(9046:15,1)(9046:16,1)
recipedumper:oredict!@foodBaconCheeseburger->(20256:29,1)
recipedumper:oredict!@foodGroundChicken->(20256:74,1)
recipedumper:oredict!@turbineBearing->(1760:4,1)
recipedumper:oredict!@oreCadmium->(2036:2,1)
recipedumper:oredict!@oreBlutonium->
recipedumper:oredict!@ingotNetherManyullyn->
recipedumper:oredict!@dustClay->(30066:1,1)
recipedumper:oredict!@nuggetPigIron->(14276:35,1)
recipedumper:oredict!@dustRutile->
recipedumper:oredict!@oreOrichalcum->
recipedumper:oredict!@foodCheeseFries->(20256:40,1)
recipedumper:oredict!@coralRed->(1021:3,1)
recipedumper:oredict!@oreTinyArdite->
recipedumper:oredict!@glass->(20:0,1)(3223:0,1)(20:0,1)(704:1,1)(20:0,1)(20:1,1)(20:2,1)(20:3,1)(20:4,1)(20:5,1)(20:6,1)(20:7,1)(20:8,1)(20:9,1)(20:10,1)(20:11,1)(20:12,1)(20:13,1)(20:14,1)(20:15,1)(20:16,1)(20:0,1)(4082:0,1)(4082:1,1)(4082:2,1)(4082:3,1)(4082:6,1)(4082:9,1)
recipedumper:oredict!@groundCopper->(4448:6,1)
recipedumper:oredict!@dyeBrownCrystalShard->(10001:3,1)
recipedumper:oredict!@dustInfusedEarth->
recipedumper:oredict!@oreMonazit->
recipedumper:oredict!@itemCircuitAdvanced->
recipedumper:oredict!@blockMeatRaw->(3133:12,1)
recipedumper:oredict!@oreGlue->
recipedumper:oredict!@cropApple->(14258:0,1)(260:0,1)
recipedumper:oredict!@rockGranite->(776:0,1)
recipedumper:oredict!@ingotNetherPeridot->
recipedumper:oredict!@brewer->(4033:0,1)
recipedumper:oredict!@ingotQuartz->
recipedumper:oredict!@ingotNetherSulfur->
recipedumper:oredict!@dustTennantite->
recipedumper:oredict!@dyeCeramicLightBlue->(12261:3,1)
recipedumper:oredict!@ingotNetherFzDarkIron->
recipedumper:oredict!@dyePurpleCrystalShard->(10001:5,1)
recipedumper:oredict!@componentPlatingBasic->(25026:9,1)
recipedumper:oredict!@ingotMeatRaw->(12281:0,1)
recipedumper:oredict!@treeSapling->(6:32767,1)(3488:32767,1)(1937:32767,1)(1938:32767,1)(13384:0,1)(2201:0,1)(2201:1,1)(2201:2,1)(2201:3,1)(2201:4,1)(2201:5,1)(2201:6,1)(2201:7,1)(2201:8,1)(2201:9,1)(2201:10,1)(2201:11,1)(2201:12,1)(2201:13,1)(2201:14,1)(2201:15,1)(3501:32767,1)
recipedumper:oredict!@slabWood->(126:32767,1)(3288:32767,1)(3289:32767,1)(1949:32767,1)(1951:32767,1)(1386:32767,1)(1387:32767,1)(1415:32767,1)
recipedumper:oredict!@dyeRedCrystalShard->(10001:1,1)
recipedumper:oredict!@oven->(4038:0,1)
recipedumper:oredict!@oreNetherObsidian->
recipedumper:oredict!@blockOreCopper->
recipedumper:oredict!@dustTinyCobalt->(31999:9,1)
recipedumper:oredict!@sawdust->
recipedumper:oredict!@oreStone->
recipedumper:oredict!@blockQuicksilver->
recipedumper:oredict!@coralOrange->(1021:8,1)(1969:5,1)
recipedumper:oredict!@oreSteel->
recipedumper:oredict!@dirtyGravelDark Iron->(9290:10,1)
recipedumper:oredict!@shardDiamond->(26120:5,1)
recipedumper:oredict!@dustTinyLead->(30065:5,1)
recipedumper:oredict!@blockSilver->(2171:1,1)(2012:2,1)(3174:6,1)
recipedumper:oredict!@dustNetherQuartz->(4362:22,1)(15160:2,1)
recipedumper:oredict!@dyeGreen->(351:2,1)(21266:7,1)(20522:29,1)(8829:22,1)(13056:2,1)(2137:13,1)
recipedumper:oredict!@glassPaneGreen->(3130:13,1)
recipedumper:oredict!@ingotLithium->
recipedumper:oredict!@rockSlate->(776:7,1)
recipedumper:oredict!@oreNetherGlue->
recipedumper:oredict!@cropVine->(3282:0,1)
recipedumper:oredict!@crystalCertusQuartz->(4362:6,1)
recipedumper:oredict!@coralYellow->(1021:7,1)
recipedumper:oredict!@itemCharcoalSugar->(12269:0,1)
recipedumper:oredict!@clayBowl->(20255:0,1)
recipedumper:oredict!@dyeRedCrystal->(770:1,1)
recipedumper:oredict!@gemPeridot->(21264:2,1)(9005:39,1)
recipedumper:oredict!@blockFft->(2769:0,1)
recipedumper:oredict!@oreNetherGalena->
recipedumper:oredict!@dustHepatizon->
recipedumper:oredict!@dustNetherUranium->
recipedumper:oredict!@sand->
recipedumper:oredict!@ingotNetherPigIron->
recipedumper:oredict!@dustMagnesium->
recipedumper:oredict!@foodToastedPB&JSandwichStrawberry->(20256:60,1)
recipedumper:oredict!@cropWalnut->(13386:1,1)(14258:25,1)
recipedumper:oredict!@itemQuicksilver->(30901:11,1)(25356:3,1)
recipedumper:oredict!@dustQuicksilver->
recipedumper:oredict!@blockMithril->
recipedumper:oredict!@nickelIngot->
recipedumper:oredict!@oreNetherBronze->
recipedumper:oredict!@ingotAstral Silver->
recipedumper:oredict!@rockOpal->(780:0,1)
recipedumper:oredict!@foodSaltedBeef->(20256:44,1)
recipedumper:oredict!@dustEnderium->(20264:42,1)
recipedumper:oredict!@pumice->(776:6,1)
recipedumper:oredict!@dustInfusedEntropy->
recipedumper:oredict!@oreGalena->
recipedumper:oredict!@dyeCeramicPurple->(12261:10,1)
recipedumper:oredict!@ingotAmber->
recipedumper:oredict!@crushedPurifiedLead->(30063:6,1)
recipedumper:oredict!@cropPlantain->(14258:30,1)
recipedumper:oredict!@oreLapis->(21:0,1)(458:4,1)
recipedumper:oredict!@stickObsidian->(7010:0,1)
recipedumper:oredict!@oreNetherIron->
recipedumper:oredict!@oreNetherGreenSapphire->
recipedumper:oredict!@nuggetQuicksilver->(25356:3,1)
recipedumper:oredict!@foodPumpkinCookieDough->(20256:98,1)
recipedumper:oredict!@foodBeefJerkey->(20256:66,1)
recipedumper:oredict!@oreChromite->
recipedumper:oredict!@plateLead->(30041:6,1)
recipedumper:oredict!@oreNetherLapis->(1440:4,1)
recipedumper:oredict!@wrench->(13854:0,1)
recipedumper:oredict!@stoneBasalt->(776:1,1)
recipedumper:oredict!@foodStrawberryPie->(20256:65,1)
recipedumper:oredict!@dustEmerald->
recipedumper:oredict!@itemForcicium->
recipedumper:oredict!@dustSaltpeter->(7783:2,1)(20264:129,1)(30901:20,1)
recipedumper:oredict!@foodPumpkinCookieBurned->(20256:136,1)
recipedumper:oredict!@dustSanguinite->
recipedumper:oredict!@glassPaneYellow->(3130:4,1)
recipedumper:oredict!@dustEmery->
recipedumper:oredict!@cropSourCherry->(14258:5,1)
recipedumper:oredict!@gemSaltpeter->
recipedumper:oredict!@gemCrystalFlux->(20656:96,1)
recipedumper:oredict!@ingotNetherYellorite->
recipedumper:oredict!@icebox->(4032:0,1)
recipedumper:oredict!@stoneGranulite->(776:11,1)
recipedumper:oredict!@copperCableBlock->
recipedumper:oredict!@slimeRod->(14277:8,1)
recipedumper:oredict!@shardEntropy->(25363:5,1)(30901:17,1)(25363:5,1)
recipedumper:oredict!@foodVanilla->(20256:120,1)
recipedumper:oredict!@wireExplosive->(3150:0,1)
recipedumper:oredict!@stoneMarble->(776:2,1)
recipedumper:oredict!@dyeLightBlueCrystal->(770:12,1)
recipedumper:oredict!@ingotNetherAlumite->
recipedumper:oredict!@dustCadmium->
recipedumper:oredict!@dustRuby->
recipedumper:oredict!@foodAppleCinnamonCookeBurned->(20256:121,1)
recipedumper:oredict!@plateDenseCopper->(30084:0,1)
recipedumper:oredict!@dustImpureSilver->(4448:15,1)
recipedumper:oredict!@dustIridium->
recipedumper:oredict!@foodGrilledCheese->(20256:56,1)
recipedumper:oredict!@ingotAlumite->(14276:15,1)
recipedumper:oredict!@compressedGravel1x->(2506:12,1)
recipedumper:oredict!@oreCoal->(16:0,1)
recipedumper:oredict!@dustAdamantium->
recipedumper:oredict!@reducedArdite->(9292:9,1)
recipedumper:oredict!@glassSoul->(3362:0,1)
recipedumper:oredict!@dustCharcoal->(7783:3,1)
recipedumper:oredict!@dustCassiterite->
recipedumper:oredict!@crystallineElectrum->
recipedumper:oredict!@plateBronze->(30041:2,1)(13866:0,1)
recipedumper:oredict!@stonePeridotite->(776:9,1)
recipedumper:oredict!@ingotDesh->
recipedumper:oredict!@dyeBlueCrystal->(770:4,1)
recipedumper:oredict!@dustNetherOsmium->
recipedumper:oredict!@dustPlutonium->(18006:7,1)
recipedumper:oredict!@stoneBowl->(6407:0,1)
recipedumper:oredict!@dustTungsten->
recipedumper:oredict!@cropCherry->(13386:0,1)(14258:4,1)(14258:5,1)(14258:6,1)
recipedumper:oredict!@plateDenseIron->(30084:4,1)
recipedumper:oredict!@compressedGravel2x->(2506:13,1)
recipedumper:oredict!@dustMimichite->
recipedumper:oredict!@netherrackRod->(14277:7,1)
recipedumper:oredict!@ingotTinySilver->
recipedumper:oredict!@cropBlackthorn->(14258:7,1)
recipedumper:oredict!@gemNickel->
recipedumper:oredict!@glassYellow->(3225:4,1)(3129:4,1)
recipedumper:oredict!@ingotNickel->(20264:68,1)(30901:3,1)(30901:38,1)(15157:3,1)(13440:4,1)
recipedumper:oredict!@oreAmordrine->
recipedumper:oredict!@oreInfuscolium->
recipedumper:oredict!@rockHornfel->(776:12,1)
recipedumper:oredict!@gemSilver->
recipedumper:oredict!@paperRod->(14277:9,1)
recipedumper:oredict!@glassTurbine->(2144:1,1)
recipedumper:oredict!@oreImpureCobalt->
recipedumper:oredict!@ingotNikolite->
recipedumper:oredict!@dirtyGravelTin->(9290:3,1)
recipedumper:oredict!@oreAluminiumBrass->
recipedumper:oredict!@gemRutile->
recipedumper:oredict!@ingotNetherNickel->
recipedumper:oredict!@glassPaneBrown->(3130:12,1)
recipedumper:oredict!@componentIonThruster->(25026:4,1)
recipedumper:oredict!@itemRubber->(30216:0,1)(12251:0,1)
recipedumper:oredict!@ingotImpureAluminum->
recipedumper:oredict!@foodToastedPB&JSabdwichStrawberryBurned->(20256:146,1)
recipedumper:oredict!@crushedPurifiedIron->(30063:0,1)
recipedumper:oredict!@ingotSanguinite->
recipedumper:oredict!@stonePumice->(776:6,1)
recipedumper:oredict!@oreAtlarus->
recipedumper:oredict!@ingotInfusedAir->
recipedumper:oredict!@dustNetherAluminium->
recipedumper:oredict!@gemEmerald->(388:0,1)(388:0,1)(30901:34,1)(388:0,1)
recipedumper:oredict!@dyeWhiteCrystalShard->(10001:15,1)
recipedumper:oredict!@foodStrawberryShortcake->(20256:22,1)
recipedumper:oredict!@oreLithium->
recipedumper:oredict!@dustDirtyAluminium->(31999:19,1)
recipedumper:oredict!@oreNetherAluminum->
recipedumper:oredict!@dustNetherRuby->
recipedumper:oredict!@oreObsidian->
recipedumper:oredict!@blockAngmallen->
recipedumper:oredict!@dustNetherSalt->
recipedumper:oredict!@cactusRod->(14277:4,1)
recipedumper:oredict!@coralWhite->(1021:12,1)
recipedumper:oredict!@titaniumIngot->
recipedumper:oredict!@crushedUranium->(30064:4,1)
recipedumper:oredict!@dustOrichalcum->
recipedumper:oredict!@dustNetherRedstone->
recipedumper:oredict!@foodPeanutButterCookie->(20256:113,1)
recipedumper:oredict!@foodSaltedPork->(20256:46,1)
recipedumper:oredict!@ingotBauxite->
recipedumper:oredict!@cropKeyLime->(14258:17,1)
recipedumper:oredict!@oreSanguinite->
recipedumper:oredict!@foodGroundBeef->(20256:73,1)
recipedumper:oredict!@orePyrite->
recipedumper:oredict!@forciciumItem->
recipedumper:oredict!@ingotQuantum->
recipedumper:oredict!@ingotTinyCopper->
recipedumper:oredict!@ingotCopper->(30067:0,1)(14276:9,1)(31974:0,1)(20522:4,1)(20264:64,1)(13862:0,1)(13862:0,1)(30901:1,1)(30901:36,1)(15157:0,1)(13440:2,1)
recipedumper:oredict!@rockPeridotite->(776:9,1)
recipedumper:oredict!@dustTanzanite->
recipedumper:oredict!@oreNetherPlatinum->(1442:0,1)
recipedumper:oredict!@gemGreenSapphire->(30901:23,1)(30901:74,1)
recipedumper:oredict!@ingotFzDarkIron->(9264:0,1)(30901:71,1)
recipedumper:oredict!@oreInfusedFire->(2403:2,1)(2403:2,1)
recipedumper:oredict!@copperOre->
recipedumper:oredict!@ingotNetherApatite->
recipedumper:oredict!@nuggetCopper->(14276:20,1)(14360:2,1)(25362:1,1)(26120:1,1)(20264:96,1)
recipedumper:oredict!@foodPeanutButterCookieBurned->(20256:135,1)
recipedumper:oredict!@dyeYellow->(351:11,1)(20522:30,1)(8829:20,1)(13056:11,1)(2137:4,1)
recipedumper:oredict!@foodAppleCinnamonCookieDough->(20256:85,1)
recipedumper:oredict!@stoneShale->(776:4,1)
recipedumper:oredict!@ingotIndium->(18263:2,1)(30901:51,1)
recipedumper:oredict!@dyeLightGrayCrystal->(770:7,1)
recipedumper:oredict!@blockTartarite->
recipedumper:oredict!@reducedTin->(9292:3,1)
recipedumper:oredict!@orePrometheum->
recipedumper:oredict!@dustImpureNickel->(4448:12,1)
recipedumper:oredict!@dyeMagentaCrystal->(770:13,1)
recipedumper:oredict!@oreQuicksilver->
recipedumper:oredict!@shardAir->(25363:0,1)(30901:13,1)(25363:0,1)
recipedumper:oredict!@dustHydratedCoal->(30066:8,1)
recipedumper:oredict!@oreManyullyn->
recipedumper:oredict!@ingotAngmallen->
recipedumper:oredict!@oreNetherNickel->(1442:1,1)
recipedumper:oredict!@blockGraphite->(1763:2,1)
recipedumper:oredict!@foodVanillaIceCream->(20256:108,1)
recipedumper:oredict!@blockLead->(3476:4,1)(2171:2,1)(2012:3,1)(3174:3,1)
recipedumper:oredict!@oreSoulSand->
recipedumper:oredict!@dustNetherrack->(30891:0,1)
recipedumper:oredict!@dustKalendrite->
recipedumper:oredict!@ingotFirestone->
recipedumper:oredict!@crystallineBronze->
recipedumper:oredict!@burntquartz->(2523:1,1)
recipedumper:oredict!@gneiss->(776:8,1)
recipedumper:oredict!@foodCaramelBurned->(20256:126,1)
recipedumper:oredict!@oreAluminumBrass->
recipedumper:oredict!@oreTitanium->
recipedumper:oredict!@gearGold->(19359:0,1)
recipedumper:oredict!@ingotTinyIron->
recipedumper:oredict!@ingotManyullyn->(14276:5,1)
recipedumper:oredict!@oreNetherEmerald->(1440:8,1)
recipedumper:oredict!@dustNetherYellorite->
recipedumper:oredict!@foodSnickerdoodle->(20256:116,1)
recipedumper:oredict!@reducedLead->(9292:2,1)
recipedumper:oredict!@dustCooperite->
recipedumper:oredict!@monazitOre->
recipedumper:oredict!@woodRubber->(3489:32767,1)(3122:0,1)
recipedumper:oredict!@uraniumIngot->
recipedumper:oredict!@foodChocolateChipCookie->(20256:111,1)
recipedumper:oredict!@foodDough->(20256:35,1)
recipedumper:oredict!@blockGlue->
recipedumper:oredict!@crystallineInvar->
recipedumper:oredict!@dustTetrahedrite->
recipedumper:oredict!@itemEssence->(30901:66,1)
recipedumper:oredict!@dustNetherSilver->
recipedumper:oredict!@foodHotCocoa->(20256:5,1)
recipedumper:oredict!@ingotApatite->
recipedumper:oredict!@slabCloth->(3244:32767,1)(3245:32767,1)
recipedumper:oredict!@ingotNetherUranium->
recipedumper:oredict!@coralMagenta->(1021:5,1)
recipedumper:oredict!@dyeCeramicLime->(12261:5,1)
recipedumper:oredict!@dustMithril->
recipedumper:oredict!@reducedCobalt->(9292:8,1)
recipedumper:oredict!@dustCyanite->(18006:5,1)
recipedumper:oredict!@gemMoonstone->(30901:61,1)
recipedumper:oredict!@oreDirtyAluminium->
recipedumper:oredict!@crystallineCobalt->(9293:8,1)
recipedumper:oredict!@gemTitanium->
recipedumper:oredict!@blockPrometheum->
recipedumper:oredict!@plateDenseLapis->(30084:8,1)
recipedumper:oredict!@dustQuantum->(30901:69,1)
recipedumper:oredict!@orePigIron->
recipedumper:oredict!@dustAluminum->(14276:40,1)(4448:17,1)
recipedumper:oredict!@cropWildCherry->(14258:4,1)
recipedumper:oredict!@componentWiring->(25026:0,1)
recipedumper:oredict!@ingotNetherCinnabar->
recipedumper:oredict!@blockRedstone->(152:0,1)
recipedumper:oredict!@ingotFluorite->
recipedumper:oredict!@dustNetherManyullyn->
recipedumper:oredict!@dustNetherCobalt->
recipedumper:oredict!@glassBlue->(3225:11,1)(3129:11,1)
recipedumper:oredict!@componentLaserEmitter->(25026:12,1)
recipedumper:oredict!@ingotTitanium->(20522:2,1)(30901:63,1)
recipedumper:oredict!@crystallineNickel->
recipedumper:oredict!@oreNetherRedstone->(1440:5,1)
recipedumper:oredict!@foodApplePie->(20256:62,1)
recipedumper:oredict!@motor->(13865:0,1)
recipedumper:oredict!@dirtyGravelGalena->(9290:6,1)
recipedumper:oredict!@foodStrawberryJellyToast->(20256:11,1)
recipedumper:oredict!@dustDesh->
recipedumper:oredict!@blockShadow Steel->
recipedumper:oredict!@dyeCeramicBrown->(12261:12,1)
recipedumper:oredict!@blockMidasium->
recipedumper:oredict!@cleanGravelCopper->(9291:4,1)
recipedumper:oredict!@ingotInvar->(20264:71,1)
recipedumper:oredict!@foodBaconCheeseFries->(20256:28,1)
recipedumper:oredict!@ingotImpureNickel->
recipedumper:oredict!@ingotNetherLead->
recipedumper:oredict!@ingotZinc->(30901:45,1)
recipedumper:oredict!@dirtyGravelIron->(9290:0,1)
recipedumper:oredict!@dustNetherIridium->
recipedumper:oredict!@componentMVCapacitor->(25026:6,1)
recipedumper:oredict!@foodVinegar->(20256:6,1)
recipedumper:oredict!@foodCrushedPeanuts->(20256:76,1)
recipedumper:oredict!@quicksilver->(25356:3,1)
recipedumper:oredict!@glassHardened->(704:0,1)(2013:0,1)
recipedumper:oredict!@ingotWood->
recipedumper:oredict!@dustGlue->
recipedumper:oredict!@cropTangerine->(14258:21,1)
recipedumper:oredict!@glassBrown->(3225:12,1)(3129:12,1)
recipedumper:oredict!@oreAmmonium->(2036:6,1)
recipedumper:oredict!@oreQuantum->(1015:0,1)(1016:0,1)
recipedumper:oredict!@oreElectrumFlux->
recipedumper:oredict!@foodChocolateChipCookieDough->(20256:90,1)
recipedumper:oredict!@blockCobalt->(1478:0,1)
recipedumper:oredict!@glassGreen->(3225:13,1)(3129:13,1)
recipedumper:oredict!@ingotInfusedWater->
recipedumper:oredict!@dustHaderoth->
recipedumper:oredict!@gemMalachite->(21264:5,1)
recipedumper:oredict!@dyeCeramicOrange->(12261:1,1)
recipedumper:oredict!@dustSteel->(13860:0,1)
recipedumper:oredict!@dustNetherRutile->
recipedumper:oredict!@plateSteel->(13867:0,1)
recipedumper:oredict!@rockSchist->(776:14,1)
recipedumper:oredict!@ingotArdite->(14276:4,1)(30901:42,1)
recipedumper:oredict!@foodButteredToast->(20256:27,1)
recipedumper:oredict!@foodBeer->(20256:7,1)
recipedumper:oredict!@sandstone->(24:32767,1)(776:5,1)(776:5,1)(24:0,1)
recipedumper:oredict!@dustManganese->
recipedumper:oredict!@bricksStone->(2504:0,1)(2504:1,1)(2504:2,1)(2504:3,1)(2504:4,1)(2504:5,1)(2504:6,1)(2504:7,1)(2504:8,1)(2504:9,1)(2504:10,1)(2504:11,1)(2504:12,1)(2504:13,1)(2504:14,1)(2504:15,1)
recipedumper:oredict!@clusterCopper->(25362:17,1)
recipedumper:oredict!@dustCarmot->
recipedumper:oredict!@dyePinkCrystal->(770:9,1)
recipedumper:oredict!@ingotNetherTin->
recipedumper:oredict!@oreTennantite->
recipedumper:oredict!@ingotTetrahedrite->
recipedumper:oredict!@foodRoastedPeanuts->(20256:61,1)
recipedumper:oredict!@dirtyGravelArdite->(9290:9,1)
recipedumper:oredict!@dustDirtyCobalt->(31999:18,1)
recipedumper:oredict!@ingotNetherNikolite->
recipedumper:oredict!@dustDiamond->(30033:1,1)(15160:1,1)
recipedumper:oredict!@copperWire->
recipedumper:oredict!@ingotHepatizon->
recipedumper:oredict!@blockAluminumBrass->(1478:7,1)
recipedumper:oredict!@blockInolashite->
recipedumper:oredict!@dustAmber->
recipedumper:oredict!@oreTopaz->(1942:6,1)
recipedumper:oredict!@ingotKalendrite->
recipedumper:oredict!@ingotClay->
recipedumper:oredict!@crystallineCopper->(9293:4,1)
recipedumper:oredict!@ingotImpureCopper->
recipedumper:oredict!@dustTinyLithium->(30065:7,1)
recipedumper:oredict!@oreCalcite->(2036:7,1)
recipedumper:oredict!@ingotNetherAluminumBrass->
recipedumper:oredict!@ingotRuby->
recipedumper:oredict!@crushedAluminium->(31999:11,1)
recipedumper:oredict!@foodStrawberryMush->(20256:77,1)
recipedumper:oredict!@gemChimerite->(30901:58,1)
recipedumper:oredict!@marble->(776:2,1)
recipedumper:oredict!@cropBrazilNut->(14258:31,1)
recipedumper:oredict!@oreNetherCobalt->
recipedumper:oredict!@crystallineObsidian->
recipedumper:oredict!@dustSunstone->
recipedumper:oredict!@foodStrawberryJelly->(20256:19,1)
recipedumper:oredict!@dustCheese->
recipedumper:oredict!@blockAluminiumBrass->(1478:7,1)
recipedumper:oredict!@ingotOrichalcum->
recipedumper:oredict!@ingotEnderPearl->
recipedumper:oredict!@compressedSand1x->(2506:14,1)
recipedumper:oredict!@dustTinyCopper->(30065:1,1)
recipedumper:oredict!@ingotNetherAluminum->
recipedumper:oredict!@oreCheese->
recipedumper:oredict!@oreIndium->(2036:3,1)
recipedumper:oredict!@gearElectrum->(20264:226,1)
recipedumper:oredict!@oreCassiterite->
recipedumper:oredict!@compressedSand2x->(2506:15,1)
recipedumper:oredict!@ingotEnergeticAlloy->(8787:1,1)
recipedumper:oredict!@ingotNetherArdite->
recipedumper:oredict!@saplingTree->(3256:32767,1)(3279:32767,1)
recipedumper:oredict!@blockAmordrine->
recipedumper:oredict!@gemMimichite->(30901:67,1)(27621:0,1)
recipedumper:oredict!@dyeLightBlueCrystalShard->(10001:12,1)
recipedumper:oredict!@dustTinyTin->(30065:3,1)
recipedumper:oredict!@cableRedNet->(3144:0,1)
recipedumper:oredict!@migmatite->(776:13,1)
recipedumper:oredict!@cropManderin->(14258:18,1)
recipedumper:oredict!@cloth->(35:32767,1)
recipedumper:oredict!@blockKalendrite->
recipedumper:oredict!@oreNetherRutile->(1442:9,1)
recipedumper:oredict!@plateDenseLead->(30084:6,1)
recipedumper:oredict!@ingotStone->
recipedumper:oredict!@dustTitanium->
recipedumper:oredict!@plantKelp->(1021:0,1)(1969:3,1)
recipedumper:oredict!@circuitAdvanced->(30190:0,1)(13856:0,1)
recipedumper:oredict!@dustAsh->(5274:0,1)(4462:0,1)
recipedumper:oredict!@frier->(4031:0,1)
recipedumper:oredict!@crafterWood->(58:0,1)(3283:0,1)(3283:1,1)(3283:2,1)(3283:3,1)(3283:4,1)(3283:6,1)(3283:7,1)(3283:8,1)(3283:9,1)(3283:10,1)(3283:11,1)(3283:12,1)
recipedumper:oredict!@ingotMeat->(12282:0,1)
recipedumper:oredict!@ingotRedstone->
recipedumper:oredict!@dustPyrite->(30901:55,1)
recipedumper:oredict!@dustNetherSapphire->
recipedumper:oredict!@oreHaderoth->
recipedumper:oredict!@dustNetherAmber->
recipedumper:oredict!@dyeCyanCrystalShard->(10001:6,1)
recipedumper:oredict!@blockAtlarus->
recipedumper:oredict!@ingotOureclase->
recipedumper:oredict!@glassCyan->(3225:9,1)(3129:9,1)
recipedumper:oredict!@stoneMossy->(98:1,1)(48:0,1)
recipedumper:oredict!@gemSulfur->
recipedumper:oredict!@foodAppleJellyToast->(20256:9,1)
recipedumper:oredict!@ingotNetherDiamond->
recipedumper:oredict!@wire->
recipedumper:oredict!@oreInfusedEntropy->(2403:6,1)(2403:6,1)
recipedumper:oredict!@blockDamascus Steel->
recipedumper:oredict!@nuggetAlumite->(14276:32,1)
recipedumper:oredict!@foodButterCookieDough->(20256:87,1)
recipedumper:oredict!@dustLead->(30066:10,1)(20264:35,1)(4448:21,1)
recipedumper:oredict!@dropIridium->
recipedumper:oredict!@oreNetherPeridot->
recipedumper:oredict!@oreUranium->(3483:0,1)
recipedumper:oredict!@foodStrawberryGelatin->(20256:37,1)
recipedumper:oredict!@oreRedstone->(73:0,1)
recipedumper:oredict!@reducedCopper->(9292:4,1)
recipedumper:oredict!@rockLimestone->(776:3,1)
recipedumper:oredict!@dustAstral Silver->
recipedumper:oredict!@glassReactor->(2144:0,1)
recipedumper:oredict!@foodBreadedChicken->(20256:45,1)
recipedumper:oredict!@oreCyanite->
recipedumper:oredict!@glassPanePurple->(3130:10,1)
recipedumper:oredict!@cobaltRod->(14277:10,1)
recipedumper:oredict!@dyeOrangeCrystalShard->(10001:14,1)
recipedumper:oredict!@ingotPeridot->
recipedumper:oredict!@componentHVCapacitor->(25026:7,1)
recipedumper:oredict!@ingotSphalerite->
recipedumper:oredict!@cropAlmond->(14258:9,1)
recipedumper:oredict!@ingotElectrumFlux->(20656:32,1)
recipedumper:oredict!@blockCyanite->(1763:1,1)
recipedumper:oredict!@dustNetherPigIron->
recipedumper:oredict!@ForciciumItem->(30901:26,1)
recipedumper:oredict!@dyeBlackCrystalShard->(10001:0,1)
recipedumper:oredict!@oreNetherCopper->(1440:6,1)
recipedumper:oredict!@oreSunstone->
recipedumper:oredict!@aluminiumOre->
recipedumper:oredict!@dustCopper->(30066:3,1)(8801:3,1)(20264:32,1)(4448:18,1)
recipedumper:oredict!@dustAdamantine->
recipedumper:oredict!@pulpWood->(13259:0,1)(14257:1,1)
recipedumper:oredict!@foodStrawberryIceCream->(20256:107,1)
recipedumper:oredict!@oreNetherPigIron->
recipedumper:oredict!@ingotImpureTin->
recipedumper:oredict!@oreCeruclase->
recipedumper:oredict!@oreAngmallen->
recipedumper:oredict!@oreNetherNikolite->
recipedumper:oredict!@dustBlack Steel->
recipedumper:oredict!@platinumIngot->
recipedumper:oredict!@componentMagnet->(25026:18,1)
recipedumper:oredict!@foodAppleJelly->(20256:13,1)
recipedumper:oredict!@oreSapphire->(1942:12,1)(3172:7,1)(2130:1,1)
recipedumper:oredict!@foodCarrotCake->(20256:55,1)
recipedumper:oredict!@dustNetherCinnabar->
recipedumper:oredict!@gemBlueTopaz->(30901:60,1)
recipedumper:oredict!@dropHoneydew->(13289:0,1)
recipedumper:oredict!@onyx->(776:15,1)
recipedumper:oredict!@dustDamascus Steel->
recipedumper:oredict!@oreImpureNickel->
recipedumper:oredict!@foodChocolateIceCream->(20256:106,1)
recipedumper:oredict!@oreDamascus Steel->
recipedumper:oredict!@dustAluminumBrass->(14276:42,1)
recipedumper:oredict!@oreSalt->(4035:0,1)
recipedumper:oredict!@blockGlowstone->(89:0,1)
recipedumper:oredict!@foodDoubleBaconCheeseburger->(20256:94,1)
recipedumper:oredict!@oreImpureGold->
recipedumper:oredict!@dustPitchblende->
recipedumper:oredict!@crystallineLead->(9293:2,1)
recipedumper:oredict!@cleanGravelCobalt->(9291:8,1)
recipedumper:oredict!@whiteStone->(121:0,1)
recipedumper:oredict!@ingotNetherSalt->
recipedumper:oredict!@dyeLightBlue->(351:12,1)(13056:12,1)(2137:3,1)
recipedumper:oredict!@dustNetherLead->
recipedumper:oredict!@foodChocolateIceCreamMix->(20256:92,1)
recipedumper:oredict!@dustDeep Iron->
recipedumper:oredict!@itemBeeswax->(13285:0,1)
recipedumper:oredict!@woodStick->
recipedumper:oredict!@nuggetElectrum->(20264:102,1)
recipedumper:oredict!@foodStrawberry->(20256:80,1)
recipedumper:oredict!@cropPeanut->(4029:0,1)
recipedumper:oredict!@ingotTopaz->
recipedumper:oredict!@foodPumpkinCookie->(20256:114,1)
recipedumper:oredict!@ingotBrass->
recipedumper:oredict!@aquaRegia->(9280:1,1)
recipedumper:oredict!@ingotOsmium->(30901:46,1)
recipedumper:oredict!@rockMigmatite->(776:13,1)
recipedumper:oredict!@ingotAmethyst->
recipedumper:oredict!@aluminiumIngot->
recipedumper:oredict!@ingotSilver->(30067:6,1)(9271:0,1)(18263:3,1)(20264:66,1)(30889:7,1)(30901:4,1)(30901:39,1)(15157:2,1)(13440:6,1)
recipedumper:oredict!@dustNetherArdite->
recipedumper:oredict!@logWood->(17:32767,1)(3251:0,1)(3251:1,1)(3251:2,1)(3251:3,1)(3261:1,1)(3277:0,1)(3277:1,1)(3277:2,1)(3277:3,1)(3280:0,1)(3271:0,1)(3271:1,1)(1933:0,1)(1934:0,1)(1935:0,1)(1974:0,1)(1933:1,1)(1934:1,1)(1935:1,1)(1974:1,1)(1933:2,1)(1934:2,1)(1935:2,1)(1974:2,1)(1933:3,1)(1934:3,1)(1935:3,1)(1388:32767,1)(1389:32767,1)(1390:32767,1)(1391:32767,1)(1411:32767,1)(1412:32767,1)(1413:32767,1)(2405:0,1)(2405:1,1)(3704:0,1)(3704:1,1)(3704:2,1)(3704:3,1)(3704:4,1)(3704:5,1)(3704:6,1)(3704:7,1)(3704:8,1)(3704:9,1)(3704:10,1)(3704:11,1)(3704:12,1)(3704:13,1)(3704:14,1)(3704:15,1)(3704:16,1)(3704:17,1)(3704:18,1)(3704:19,1)(3704:20,1)(3704:21,1)(3704:22,1)(3704:23,1)(3704:24,1)(3704:25,1)(3704:26,1)(3704:27,1)(3704:28,1)(3704:29,1)(3704:30,1)(3704:31,1)(3704:32,1)(3704:33,1)(3704:34,1)(3704:35,1)(3704:36,1)(3704:37,1)(3704:38,1)(3704:39,1)(3813:32767,1)(3791:32767,1)(3832:32767,1)(3837:32767,1)(3805:32767,1)(3826:32767,1)(3794:32767,1)(3829:32767,1)(3821:32767,1)(2163:32767,1)(2176:32767,1)
recipedumper:oredict!@crushedPurifiedCobalt->(31999:7,1)
recipedumper:oredict!@ingotCheese->
recipedumper:oredict!@manyullynRod->(14277:12,1)
recipedumper:oredict!@cropPomelo->(14258:20,1)
recipedumper:oredict!@ingotCertusQuartz->
recipedumper:oredict!@foodDeluxeHotCocoa->(20256:43,1)
recipedumper:oredict!@dyeRed->(351:1,1)(20522:31,1)(8829:19,1)(13056:1,1)(2137:14,1)
recipedumper:oredict!@ingotUranium->(18006:0,1)(18263:0,1)(18263:0,1)(30901:10,1)(30901:49,1)(30901:68,1)
recipedumper:oredict!@oreNetherOsmium->
recipedumper:oredict!@ingotPlatinum->(20264:69,1)(30901:43,1)(30901:44,1)(15157:5,1)(13440:5,1)
recipedumper:oredict!@oreSulfur->(458:0,1)
recipedumper:oredict!@blockLemurite->
recipedumper:oredict!@itemPlateSteel->
recipedumper:oredict!@dustMalachite->
recipedumper:oredict!@foodCaramel->(20256:69,1)
recipedumper:oredict!@cropCranberry->
recipedumper:oredict!@ingotNetherPlatinum->
recipedumper:oredict!@foodCupofMilk->(20256:4,1)
recipedumper:oredict!@stickWood->(280:0,1)(12677:0,1)(12677:1,1)(12677:2,1)(12677:3,1)(12677:5,1)(12677:6,1)(12677:7,1)(12677:8,1)(12677:9,1)(12677:10,1)(12677:11,1)(12677:13,1)(1927:0,1)(1920:8,1)(280:0,1)
recipedumper:oredict!@ingotTinyLead->
recipedumper:oredict!@oreCobalt->(1475:1,1)(1488:5,1)
recipedumper:oredict!@oreDirtyCobalt->
recipedumper:oredict!@oreNetherMalachite->
recipedumper:oredict!@ingotNetherQuartz->
recipedumper:oredict!@projredBundledCable->(9046:17,1)(9046:18,1)(9046:19,1)(9046:20,1)(9046:21,1)(9046:22,1)(9046:23,1)(9046:24,1)(9046:25,1)(9046:26,1)(9046:27,1)(9046:28,1)(9046:29,1)(9046:30,1)(9046:31,1)(9046:32,1)(9046:33,1)
recipedumper:oredict!@plateLapis->(30041:8,1)
recipedumper:oredict!@coal->(263:0,1)
recipedumper:oredict!@ingotAdamantium->
recipedumper:oredict!@oreAdamantine->
recipedumper:oredict!@dustNetherNikolite->
recipedumper:oredict!@dustInfusedWater->
recipedumper:oredict!@ingotVinteum->
recipedumper:oredict!@nuggetInvar->(20264:103,1)
recipedumper:oredict!@dustBauxite->(30901:53,1)
recipedumper:oredict!@ingotNetherCertusQuartz->
recipedumper:oredict!@foodSalt->(20522:12,1)(20256:81,1)
recipedumper:oredict!@oreTinySilver->
recipedumper:oredict!@treeLeaves->(18:32767,1)(3487:32767,1)(1970:32767,1)(1971:32767,1)(1923:32767,1)(1924:32767,1)(1945:32767,1)(1946:32767,1)(1926:32767,1)(1982:32767,1)(2164:32767,1)(2177:32767,1)
recipedumper:oredict!@cropCoffee->(14258:37,1)
recipedumper:oredict!@gemCalcite->(18261:5,1)(30901:57,1)
recipedumper:oredict!@nuggetObsidian->(14276:27,1)
recipedumper:oredict!@oreNetherForce->
recipedumper:oredict!@rockPumice->(776:6,1)
recipedumper:oredict!@reducedIron->(9292:0,1)
recipedumper:oredict!@foodGrilledCheeseBurned->(20256:131,1)
recipedumper:oredict!@limestone->(1054:3,1)(195:0,1)(776:3,1)
recipedumper:oredict!@taintedSoil->(190:0,1)
recipedumper:oredict!@ingotBlueTopaz->
recipedumper:oredict!@foodPasta->(20256:58,1)
recipedumper:oredict!@blockConcrete->(2765:0,1)
recipedumper:oredict!@mb.magnet.level1->(26121:2,1)(26121:3,1)
recipedumper:oredict!@blockIron->(42:0,1)
recipedumper:oredict!@mb.magnet.level2->(26121:4,1)(26121:5,1)
recipedumper:oredict!@mb.magnet.level3->(26121:6,1)(26121:7,1)
recipedumper:oredict!@ingotSodalite->
recipedumper:oredict!@mb.magnet.level4->(26121:8,1)(26121:9,1)
recipedumper:oredict!@mb.magnet.level5->(26121:10,1)(26121:11,1)
recipedumper:oredict!@mb.magnet.level6->(26121:12,1)(26121:13,1)
recipedumper:oredict!@mb.magnet.level7->(26121:14,1)(26121:15,1)
recipedumper:oredict!@mb.magnet.level8->(26121:16,1)(26121:17,1)
recipedumper:oredict!@oreTinyLead->
recipedumper:oredict!@ingotMythril->
recipedumper:oredict!@ingotNetherIridium->
recipedumper:oredict!@mb.magnet.level0->(26121:0,1)(26121:1,1)
recipedumper:oredict!@oreInfusedOrder->(2403:5,1)(2403:5,1)
recipedumper:oredict!@ingotNetherTanzanite->
recipedumper:oredict!@ingotLapis->
recipedumper:oredict!@ingotNetherInvar->
recipedumper:oredict!@blockTyrian->(2799:0,1)
recipedumper:oredict!@fz.waterBucketLike->(30237:1,1)(373:0,1)(5276:0,1)(13294:0,1)(326:0,1)(13331:0,1)
recipedumper:oredict!@dustAngmallen->
recipedumper:oredict!@seedRoasted->(14257:12,1)
recipedumper:oredict!@dyeCeramicWhite->(12261:0,1)
recipedumper:oredict!@nuggetUnstable->(10258:1,1)
recipedumper:oredict!@dustNetherDiamond->
recipedumper:oredict!@nuggetMeat->(12284:0,1)
recipedumper:oredict!@dustAluminium->(14276:40,1)
recipedumper:oredict!@transdimBlock->(130:0,1)
recipedumper:oredict!@dyeCeramicRed->(12261:14,1)
recipedumper:oredict!@ingotNetherOsmium->
recipedumper:oredict!@blockBlutonium->(1763:3,1)
recipedumper:oredict!@gemTanzanite->(21264:4,1)
recipedumper:oredict!@dustDirtyArdite->(31999:17,1)
recipedumper:oredict!@nuggetEnderium->(20264:106,1)
recipedumper:oredict!@gemTennantite->
recipedumper:oredict!@ingotCadmium->(18263:1,1)(30901:50,1)
recipedumper:oredict!@nuggetNaturalAluminum->
recipedumper:oredict!@dustInfuscolium->
recipedumper:oredict!@groundArdite->(4448:27,1)
recipedumper:oredict!@oreNetherTopaz->
recipedumper:oredict!@ingotChrome->(30901:72,1)
recipedumper:oredict!@blockInfuscolium->
recipedumper:oredict!@dustCoal->(30066:2,1)(8801:0,1)(20264:2,1)(30891:10,1)
recipedumper:oredict!@itemPlateIron->
recipedumper:oredict!@clusterGold->(25362:31,1)
recipedumper:oredict!@blockSteel->(1478:9,1)(457:2,1)(3174:7,1)
recipedumper:oredict!@dyeMagentaCrystalShard->(10001:13,1)
recipedumper:oredict!@oreAmber->(2403:7,1)(2403:7,1)
recipedumper:oredict!@dustShadow Iron->
recipedumper:oredict!@dirtyGravelLead->(9290:2,1)
recipedumper:oredict!@ingotSteel->(14276:16,1)(7798:0,1)(13863:0,1)(13863:0,1)(30887:1,1)(30901:47,1)(13440:7,1)
recipedumper:oredict!@oreApatite->(1398:0,1)
recipedumper:oredict!@dustVulcanite->
recipedumper:oredict!@stoneSandstone->(776:5,1)
recipedumper:oredict!@ingotDamascus Steel->
recipedumper:oredict!@ingotNetherCopper->
recipedumper:oredict!@circuitElite->(13858:0,1)
recipedumper:oredict!@crystallineGlue->
recipedumper:oredict!@cropBlackberry->(12658:2,1)
recipedumper:oredict!@dustTopaz->
recipedumper:oredict!@nuggetAluminiumBrass->(14276:24,1)
recipedumper:oredict!@ingotAmmonium->
recipedumper:oredict!@ingotSalt->
recipedumper:oredict!@dustInfusedFire->
recipedumper:oredict!@ingotPyrite->
recipedumper:oredict!@dustNetherCertusQuartz->
recipedumper:oredict!@ingotIron->(265:0,1)(265:0,1)(265:0,1)(30901:29,1)(265:0,1)
recipedumper:oredict!@plateObsidian->(30041:7,1)
recipedumper:oredict!@foodStrawberryIceCreamMix->(20256:101,1)
recipedumper:oredict!@glassPaneLightGray->(3130:8,1)
recipedumper:oredict!@stoneOnyx->(776:15,1)
recipedumper:oredict!@tinOre->
recipedumper:oredict!@blockLavastone->(2781:0,1)
recipedumper:oredict!@cropButternut->(14258:25,1)
recipedumper:oredict!@ingotElectrum->(20264:70,1)
recipedumper:oredict!@foodToast->(20256:68,1)
recipedumper:oredict!@oreEnderium->
recipedumper:oredict!@granulite->(776:11,1)
recipedumper:oredict!@orePeridot->(1942:4,1)(2130:2,1)
recipedumper:oredict!@dustNetherGlue->
recipedumper:oredict!@blockLapis->(22:0,1)
recipedumper:oredict!@ingotVibrantAlloy->(8787:2,1)
recipedumper:oredict!@oreNetherNaturalAluminum->
recipedumper:oredict!@oreTinyGold->
recipedumper:oredict!@foodFrenchToast->(20256:63,1)
recipedumper:oredict!@ingotQuicksilver->
recipedumper:oredict!@gemAmethyst->
recipedumper:oredict!@crushedPurifiedSilver->(30063:5,1)
recipedumper:oredict!@certusQuartzOre->
recipedumper:oredict!@clumpArdite->(31999:14,1)
recipedumper:oredict!@gearTin->(5280:0,1)(20264:225,1)
recipedumper:oredict!@oreNetherCinnabar->
recipedumper:oredict!@seedBarley->(14257:9,1)
recipedumper:oredict!@dustMagmanite->
recipedumper:oredict!@ceramicCup->(20255:5,1)
recipedumper:oredict!@foodPastaBurned->(20256:134,1)
recipedumper:oredict!@dustSiliconDioxide->(30033:0,1)
recipedumper:oredict!@ironWire->
recipedumper:oredict!@foodHamburger->(20256:23,1)
recipedumper:oredict!@cropElderberry->(14258:34,1)
recipedumper:oredict!@oreShadow Iron->
recipedumper:oredict!@dustWheat->(4362:12,1)
recipedumper:oredict!@ingotAtlarus->
recipedumper:oredict!@dustMonazit->
recipedumper:oredict!@ingotCeruclase->
recipedumper:oredict!@foodPB&JSandwichApple->(20256:24,1)
recipedumper:oredict!@dustTungstate->
recipedumper:oredict!@alumiteRod->(14277:15,1)
recipedumper:oredict!@nuggetSilver->(25362:3,1)(26120:3,1)(20264:98,1)
recipedumper:oredict!@glassPaneRed->(3130:14,1)
recipedumper:oredict!@rockMarble->(776:2,1)
recipedumper:oredict!@componentLVCapacitor->(25026:5,1)
recipedumper:oredict!@nuggetCobalt->(14276:28,1)
recipedumper:oredict!@craftingTableWood->(58:0,1)(3283:0,1)(3283:1,1)(3283:2,1)(3283:3,1)(3283:4,1)(3283:6,1)(3283:7,1)(3283:8,1)(3283:9,1)(3283:10,1)(3283:11,1)(3283:12,1)
recipedumper:oredict!@dustInfusedAir->
recipedumper:oredict!@cobaltOre->
recipedumper:oredict!@uraniumOre->
recipedumper:oredict!@dustMagnetite->
recipedumper:oredict!@leadOre->
recipedumper:oredict!@oreNikolite->
recipedumper:oredict!@dustEnderPearl->(8801:5,1)(4362:28,1)
recipedumper:oredict!@clusterLead->(25362:20,1)
recipedumper:oredict!@dustMythril->
recipedumper:oredict!@dustCelenegil->
recipedumper:oredict!@foodGelatin->(20256:71,1)
recipedumper:oredict!@blueslimeRod->(14277:17,1)
recipedumper:oredict!@dustNickel->(20264:36,1)(4448:22,1)
recipedumper:oredict!@ingotBronze->(30067:2,1)(14276:13,1)(31972:0,1)(20264:72,1)(13861:0,1)(13861:0,1)(13440:1,1)
recipedumper:oredict!@orePitchblende->(2036:1,1)(2036:5,1)
recipedumper:oredict!@ingotNetherIron->
recipedumper:oredict!@ingotNetherRutile->
recipedumper:oredict!@dustInvar->(20264:39,1)
recipedumper:oredict!@dustQuartz->
recipedumper:oredict!@blockMarble->(2746:0,1)
recipedumper:oredict!@dustForce->
recipedumper:oredict!@itemSilicon->(8800:0,1)(4362:13,1)
recipedumper:oredict!@blockCarmot->
recipedumper:oredict!@cropPecan->(14258:27,1)
recipedumper:oredict!@oreGold->(14:0,1)(1488:1,1)
recipedumper:oredict!@foodGroundPork->(20256:75,1)
recipedumper:oredict!@dirtyGravelAluminum->(9290:7,1)
recipedumper:oredict!@oreMalachite->(1942:10,1)
recipedumper:oredict!@oreNetherManyullyn->
recipedumper:oredict!@ingotInfusedEntropy->
recipedumper:oredict!@nuggetMagnesium->
recipedumper:oredict!@cleanGravelDark Iron->(9291:10,1)
recipedumper:oredict!@foodChickenNuggets->(20256:53,1)
recipedumper:oredict!@coralPurple->(1021:9,1)(1969:7,1)
recipedumper:oredict!@dustPlastic->(12250:0,1)
recipedumper:oredict!@dustImpureLead->(4448:11,1)
recipedumper:oredict!@ovenRack->(20255:6,1)
recipedumper:oredict!@blockRubracium->
recipedumper:oredict!@gemPlatinum->
recipedumper:oredict!@dyeBlack->(351:0,1)(21266:9,1)(8829:24,1)(13056:0,1)(2137:15,1)
recipedumper:oredict!@obsidian->(49:0,1)
recipedumper:oredict!@oreGreenSapphire->
recipedumper:oredict!@oreElectrum->
recipedumper:oredict!@blockHolystone->(2771:0,1)
recipedumper:oredict!@oreNetherrack->
recipedumper:oredict!@ingotCalcite->
recipedumper:oredict!@oreDeep Iron->
recipedumper:oredict!@dustNetherLapis->
recipedumper:oredict!@oreTin->(1475:4,1)(1488:3,1)(1398:2,1)(2001:1,1)(1061:0,1)(1061:0,1)(432:1,1)(3172:1,1)
recipedumper:oredict!@crushedGold->(30064:2,1)
recipedumper:oredict!@dustQuicklime->(18261:4,1)(4448:0,1)
recipedumper:oredict!@oreFzDarkIron->(2175:0,1)
recipedumper:oredict!@oreInolashite->
recipedumper:oredict!@dropMagma->(30901:64,1)
recipedumper:oredict!@componentPlatingAdvanced->(25026:10,1)
recipedumper:oredict!@foodPB&JSandwichStrawberry->(20256:25,1)
recipedumper:oredict!@dustUranium->(18006:4,1)
recipedumper:oredict!@dustAmethyst->
recipedumper:oredict!@orePlastic->
recipedumper:oredict!@turbineRotorBlade->(1761:1,1)
recipedumper:oredict!@oreAmethyst->
recipedumper:oredict!@groundAluminum->(4448:1,1)
recipedumper:oredict!@foodToastedPB&JSandwichAppleBurned->(20256:145,1)
recipedumper:oredict!@oreNetherAmber->
recipedumper:oredict!@reducedGold->(9292:1,1)
recipedumper:oredict!@dustNetherNaturalAluminum->
recipedumper:oredict!@oreTanzanite->(1942:8,1)
recipedumper:oredict!@foodStrawberryJellyCookie->(20256:117,1)
recipedumper:oredict!@shardApatite->(26120:7,1)
recipedumper:oredict!@dustCeruclase->
recipedumper:oredict!@blockOrichalcum->
recipedumper:oredict!@oreCinnabar->(2403:0,1)(2403:0,1)
recipedumper:oredict!@dyeWhite->(351:15,1)(21266:8,1)(20522:27,1)(8829:23,1)(13056:15,1)(2137:0,1)
recipedumper:oredict!@cropNectarine->(14258:19,1)
recipedumper:oredict!@oreNickel->(2001:4,1)(432:3,1)(3172:5,1)
recipedumper:oredict!@nuggetNickel->(20264:100,1)
recipedumper:oredict!@gemCoal->
recipedumper:oredict!@crystallineIron->(9293:0,1)
recipedumper:oredict!@arditeOre->
recipedumper:oredict!@foodSugarCookieDough->(20256:103,1)
recipedumper:oredict!@glassPaneLightBlue->(3130:3,1)
recipedumper:oredict!@RotaryCraft:dustBedrock->(30891:4,1)
recipedumper:oredict!@dustAmmonium->(18261:3,1)(30901:56,1)
recipedumper:oredict!@dyeGreenCrystalShard->(10001:2,1)
recipedumper:oredict!@listAllmilk->(12270:0,1)
recipedumper:oredict!@reactorRedstonePort->(2146:0,1)
recipedumper:oredict!@plateDenseObsidian->(30084:7,1)
recipedumper:oredict!@foodToastBurned->(20256:144,1)
recipedumper:oredict!@clayCup->(20255:2,1)
recipedumper:oredict!@ingotAdamantine->
recipedumper:oredict!@brSmallMachineCyaniteProcessor->(2147:0,1)
recipedumper:oredict!@dustYellorium->(18006:4,1)
recipedumper:oredict!@ingotInfuscolium->
recipedumper:oredict!@ingotMonazit->
recipedumper:oredict!@ingotNetherSilver->
recipedumper:oredict!@coralPink->(1021:2,1)(1969:4,1)
recipedumper:oredict!@ingotRefinedIron->(265:0,1)
recipedumper:oredict!@oreForce->
recipedumper:oredict!@ingotConductiveIron->(8787:4,1)
recipedumper:oredict!@blockVyroxeres->
recipedumper:oredict!@oreVyroxeres->
recipedumper:oredict!@blockSanguinite->
recipedumper:oredict!@torchStone->(1484:0,1)
recipedumper:oredict!@cropCitron->(14258:14,1)(14258:15,1)
recipedumper:oredict!@dustBrass->
recipedumper:oredict!@foodMarshmellows->(20256:38,1)
recipedumper:oredict!@ingotTungsten->(30901:21,1)
recipedumper:oredict!@dustSawdust->
recipedumper:oredict!@shardFire->(25363:1,1)(30901:14,1)(25363:1,1)
recipedumper:oredict!@dustChimerite->
recipedumper:oredict!@seedCorn->(14257:11,1)
recipedumper:oredict!@dyeLightGrayCrystalShard->(10001:7,1)
recipedumper:oredict!@dustYellorite->
recipedumper:oredict!@nuggetArdite->(14276:29,1)
recipedumper:oredict!@dyeLight Blue->
recipedumper:oredict!@crystalCinnabar->(20264:130,1)
recipedumper:oredict!@ingotTinySulfur->
recipedumper:oredict!@dyeBlackCrystal->(770:0,1)
recipedumper:oredict!@itemDustBronze->
recipedumper:oredict!@ingotMagnesium->(20522:1,1)
recipedumper:oredict!@circuitBasic->(30191:0,1)(13857:0,1)
recipedumper:oredict!@sheetPlastic->(12249:0,1)
recipedumper:oredict!@stoneHornfel->(776:12,1)
recipedumper:oredict!@gearIron->(19358:0,1)
recipedumper:oredict!@aluminumOre->
recipedumper:oredict!@foodSugarCookieBurned->(20256:143,1)
recipedumper:oredict!@plateDenseTin->(30084:1,1)
recipedumper:oredict!@cleanGravelGold->(9291:1,1)
recipedumper:oredict!@reducedSilver->(9292:5,1)
recipedumper:oredict!@dustCertusQuartz->(4362:7,1)
recipedumper:oredict!@ingotAluminumBrass->(14276:14,1)
recipedumper:oredict!@gemMagnetite->(30901:65,1)
recipedumper:oredict!@copperRod->(14277:13,1)
recipedumper:oredict!@oreNetherIridium->(1442:3,1)
recipedumper:oredict!@turbineController->(1760:1,1)
recipedumper:oredict!@ingotCarmot->
recipedumper:oredict!@dustInfusedOrder->
recipedumper:oredict!@oreNetherSteel->(1442:2,1)
recipedumper:oredict!@shardEarth->(25363:3,1)(30901:16,1)(25363:3,1)
recipedumper:oredict!@gemMythril->
recipedumper:oredict!@cobblestone->(4:0,1)(775:0,1)(775:1,1)(775:2,1)(775:3,1)(775:4,1)(775:5,1)(775:6,1)(775:7,1)(775:8,1)(775:9,1)(775:10,1)(775:11,1)(775:12,1)(775:13,1)(775:14,1)(775:15,1)(779:0,1)(3134:2,8)(3134:3,8)
recipedumper:oredict!@dustRubracium->
recipedumper:oredict!@gemAmber->(25356:6,1)(30901:12,1)(25356:6,1)
recipedumper:oredict!@dustImpureAluminum->(4448:9,1)
recipedumper:oredict!@dyeBlueCrystalShard->(10001:4,1)
recipedumper:oredict!@oreImpureTin->
recipedumper:oredict!@oreEssence->(3636:0,1)
recipedumper:oredict!@dyeCeramicYellow->(12261:4,1)
recipedumper:oredict!@oreCopper->(1475:3,1)(1488:2,1)(1398:1,1)(1054:1,1)(2001:0,1)(1060:0,1)(1060:0,1)(432:0,1)(3172:4,1)
recipedumper:oredict!@ingotNetherMalachite->
recipedumper:oredict!@oreImpureArdite->
recipedumper:oredict!@foodCinnamon->(20256:82,1)
recipedumper:oredict!@ingotGold->(266:0,1)(266:0,1)(266:0,1)(266:0,1)(30901:30,1)(266:0,1)
recipedumper:oredict!@dustLapis->(30066:12,1)(15160:0,1)
recipedumper:oredict!@oreNetherLead->(1440:10,1)
recipedumper:oredict!@dustBlutonium->(18006:7,1)
recipedumper:oredict!@dustGalena->(30901:5,1)
recipedumper:oredict!@oreAdamantium->
recipedumper:oredict!@oreIron->(15:0,1)(1488:0,1)
recipedumper:oredict!@oreAstral Silver->
recipedumper:oredict!@ingotNetherAluminium->
recipedumper:oredict!@dustIgnatius->
recipedumper:oredict!@foodRoastedPeanutsBurned->(20256:138,1)
recipedumper:oredict!@foodAppleCinnamonCookie->(20256:109,1)
recipedumper:oredict!@electrumIngot->
recipedumper:oredict!@crushedCobalt->(31999:5,1)
recipedumper:oredict!@foodRawChickenNuggets->(20256:41,1)
recipedumper:oredict!@dustShadow Steel->
recipedumper:oredict!@ingotImpureGold->
recipedumper:oredict!@ingotShadow Steel->
recipedumper:oredict!@reactorRedNetPort->(2145:13,1)
recipedumper:oredict!@dustGraphite->(18006:6,1)
recipedumper:oredict!@dyeLight Gray->
recipedumper:oredict!@ingotNetherGalena->
recipedumper:oredict!@dyeOrangeCrystal->(770:14,1)
recipedumper:oredict!@ingotWheat->
recipedumper:oredict!@cropFingerLime->(14258:16,1)
recipedumper:oredict!@nuggetLead->(25362:4,1)(26120:4,1)(20264:99,1)
recipedumper:oredict!@ingotInolashite->
recipedumper:oredict!@ingotDirtyArdite->
recipedumper:oredict!@oreNetherCoal->(1440:0,1)
recipedumper:oredict!@rockShale->(776:4,1)
recipedumper:oredict!@foodLoafofBread->(20256:57,1)
recipedumper:oredict!@oreBauxite->
recipedumper:oredict!@forceGem->
recipedumper:oredict!@compressedCobblestone7x->(2506:6,1)
recipedumper:oredict!@nuggetGlue->
recipedumper:oredict!@dyeCeramicBlack->(12261:15,1)
recipedumper:oredict!@slimeball->(341:0,1)(341:0,1)(14359:0,1)(14359:1,1)(14276:36,1)(341:0,1)(12287:0,1)(341:0,1)
recipedumper:oredict!@cropOsangeOrange->(14258:38,1)
recipedumper:oredict!@oreCooperite->
recipedumper:oredict!@dustSalt->(20522:12,1)
recipedumper:oredict!@blockPlatinum->(2012:5,1)(3174:5,1)
recipedumper:oredict!@foodCarrotCakeBurned->(20256:127,1)
recipedumper:oredict!@quartz->(776:10,1)
recipedumper:oredict!@compressedCobblestone8x->(2506:7,1)
recipedumper:oredict!@dustNetherEmerald->
recipedumper:oredict!@basalt->(776:1,1)
recipedumper:oredict!@ingotDirtyCobalt->
recipedumper:oredict!@rockGneiss->(776:8,1)
recipedumper:oredict!@itemIngotTin->
recipedumper:oredict!@oreMagnetite->(2036:8,1)
recipedumper:oredict!@blockOureclase->
recipedumper:oredict!@dustTinyAluminium->(31999:13,1)
recipedumper:oredict!@groundLead->(4448:3,1)
recipedumper:oredict!@cropCherryPlum->(14258:8,1)
recipedumper:oredict!@orePureArdite->
recipedumper:oredict!@dustAtlarus->
recipedumper:oredict!@componentSolenoid->(25026:1,1)
recipedumper:oredict!@blockElectrum->(2012:6,1)
recipedumper:oredict!@blockGold->(41:0,1)
recipedumper:oredict!@oreManganese->
recipedumper:oredict!@battery->
recipedumper:oredict!@plateGold->(30041:3,1)(13870:0,1)
recipedumper:oredict!@blockBlack Steel->
recipedumper:oredict!@rockQuartz->(776:10,1)
recipedumper:oredict!@blockYellorium->(1763:0,1)
recipedumper:oredict!@shardEmerald->(26120:6,1)
recipedumper:oredict!@crushedPurifiedArdite->(31999:8,1)
recipedumper:oredict!@cropBlueberry->(12658:1,1)
recipedumper:oredict!@blockIgnatius->
recipedumper:oredict!@plateRefinedIron->
recipedumper:oredict!@componentControlCircuit->(25026:14,1)
recipedumper:oredict!@fuelCoke->(7796:0,1)
recipedumper:oredict!@foodCaramelApplewithNuts->(20256:12,1)
recipedumper:oredict!@foodRawApplePie->(20256:20,1)
recipedumper:oredict!@cropRedBanana->(14258:29,1)
recipedumper:oredict!@ingotNetherCobalt->
recipedumper:oredict!@oreCelenegil->
recipedumper:oredict!@stoneRod->(14277:1,1)(25135:0,1)(31317:0,1)
recipedumper:oredict!@stone->(1:0,1)(776:0,1)(776:1,1)(776:2,1)(776:3,1)(776:4,1)(776:5,1)(776:6,1)(776:7,1)(776:8,1)(776:9,1)(776:10,1)(776:11,1)(776:12,1)(776:13,1)(776:14,1)(776:15,1)(780:0,1)(3134:0,8)(3134:1,8)
recipedumper:oredict!@cropRaspberry->(12658:0,1)
recipedumper:oredict!@glassOrange->(3225:1,1)(3129:1,1)
recipedumper:oredict!@compressedCobblestone4x->(2506:3,1)
recipedumper:oredict!@nuggetIron->(14276:19,1)(14360:0,1)(25362:0,1)(7799:0,1)(26120:0,1)
recipedumper:oredict!@oreNetherCertusQuartz->
recipedumper:oredict!@foodVanillaIceCreamChocolateSauce->(20256:104,1)
recipedumper:oredict!@compressedCobblestone3x->(2506:2,1)
recipedumper:oredict!@opal->(780:0,1)
recipedumper:oredict!@foodBreadCrumbs->(20256:72,1)
recipedumper:oredict!@oreBlueTopaz->
recipedumper:oredict!@oreMoonstone->
recipedumper:oredict!@foodChocolateChipCookieBurned->(20256:128,1)
recipedumper:oredict!@oreNetherSilver->(1440:9,1)
recipedumper:oredict!@foodIceCreamMix->(20256:95,1)
recipedumper:oredict!@oreNetherGold->(1440:2,1)
recipedumper:oredict!@dustNetherIron->
recipedumper:oredict!@blockBrass->
recipedumper:oredict!@componentServo->(25026:2,1)
recipedumper:oredict!@compressedCobblestone6x->(2506:5,1)
recipedumper:oredict!@oreNetherQuartz->
recipedumper:oredict!@dustZinc->
recipedumper:oredict!@ingotPulsatingIron->(8787:5,1)
recipedumper:oredict!@oreTungstate->
recipedumper:oredict!@cropVanilla->(4030:0,1)
recipedumper:oredict!@oreNaturalAluminum->(1054:0,1)
recipedumper:oredict!@certusQuartz->
recipedumper:oredict!@oreChimerite->
recipedumper:oredict!@ingotNetherForce->
recipedumper:oredict!@compressedCobblestone5x->(2506:4,1)
recipedumper:oredict!@cobaltIngot->
recipedumper:oredict!@oreInvar->
recipedumper:oredict!@dustRedstone->(331:0,1)(30901:31,1)
recipedumper:oredict!@nuggetSteel->(14276:33,1)(7799:1,1)
recipedumper:oredict!@foodChocolateIceCreamChocolateSauce->(20256:91,1)
recipedumper:oredict!@ingotNetherSaltpeter->
recipedumper:oredict!@foodMacaroniandCheese->(20256:18,1)
recipedumper:oredict!@turbinePowerTap->(1760:2,1)
recipedumper:oredict!@gemTin->
recipedumper:oredict!@cropMaloberry->(12658:3,1)
recipedumper:oredict!@dyeGrayCrystal->(770:8,1)
recipedumper:oredict!@mimichite->
recipedumper:oredict!@itemCircuitElite->
recipedumper:oredict!@cropCrabapple->(14258:0,1)
recipedumper:oredict!@ingotNetherLapis->
recipedumper:oredict!@blockMeat->(3133:13,1)
recipedumper:oredict!@ingotInfusedOrder->
recipedumper:oredict!@cropBuddhaHand->(14258:14,1)
recipedumper:oredict!@stoneMigmatite->(776:13,1)
recipedumper:oredict!@leadIngot->
recipedumper:oredict!@groundCobalt->(4448:26,1)
recipedumper:oredict!@nuggetBronze->(14276:31,1)(20264:104,1)
recipedumper:oredict!@oreFluorite->(2031:0,1)(2031:1,1)(2031:2,1)(2031:3,1)(2031:4,1)(2031:5,1)(2031:6,1)(2031:7,1)
recipedumper:oredict!@oreMagnesium->
recipedumper:oredict!@componentParachute->(25026:8,1)
recipedumper:oredict!@blockVulcanite->
recipedumper:oredict!@gemOsmium->
recipedumper:oredict!@foodStrawberryPieBurned->(20256:142,1)
recipedumper:oredict!@dustSilicon->
recipedumper:oredict!@ingotInfusedFire->
recipedumper:oredict!@foodToastedPBSandwichBurned->(20256:147,1)
recipedumper:oredict!@ingotTartarite->
recipedumper:oredict!@itemPlateTin->
recipedumper:oredict!@dustNetherPeridot->
recipedumper:oredict!@stoneOpal->(780:0,1)
recipedumper:oredict!@crushedIron->(30064:0,1)
recipedumper:oredict!@projredPart->
recipedumper:oredict!@oreTinyTin->
recipedumper:oredict!@ingotHaderoth->
recipedumper:oredict!@foodWhippedCream->(20256:34,1)
recipedumper:oredict!@oreSodalite->
recipedumper:oredict!@cropBlightberry->(12657:0,1)
recipedumper:oredict!@ingotCobalt->(14276:3,1)(30901:41,1)
recipedumper:oredict!@ingotTinyCobalt->
recipedumper:oredict!@ingotCoal->
recipedumper:oredict!@blockArdite->(1478:1,1)
recipedumper:oredict!@ingotPureArdite->
recipedumper:oredict!@foodCarrotCakeBatter->(20256:15,1)
recipedumper:oredict!@ingotTungstate->
recipedumper:oredict!@cleanGravelAluminum->(9291:7,1)
recipedumper:oredict!@foodHambuergerPattyBurned->(20256:132,1)
recipedumper:oredict!@dustTinyGold->(30065:2,1)
recipedumper:oredict!@dustImpureIron->(4448:14,1)
recipedumper:oredict!@glassBlack->(3225:15,1)(3129:15,1)
recipedumper:oredict!@dustBlueTopaz->
recipedumper:oredict!@dyeLimeCrystalShard->(10001:10,1)
recipedumper:oredict!@crystallineTin->(9293:3,1)
recipedumper:oredict!@ingotGlowstone->
recipedumper:oredict!@gemIron->
recipedumper:oredict!@reactorPowerTap->(2145:9,1)
recipedumper:oredict!@dustImpureCopper->(4448:10,1)
recipedumper:oredict!@oreMimichite->(2431:0,1)(2431:1,1)(2431:2,1)
recipedumper:oredict!@ingotNetherBronze->
recipedumper:oredict!@blockEnderium->(2012:10,1)
recipedumper:oredict!@plateDenseGold->(30084:3,1)
recipedumper:oredict!@cropSkyberry->(12657:2,1)
recipedumper:oredict!@ingotShadow Iron->
recipedumper:oredict!@foodToastedPBSandwich->(20256:119,1)
recipedumper:oredict!@nuggetAluminumBrass->(14276:24,1)
recipedumper:oredict!@ingotSilicon->
recipedumper:oredict!@groundGold->(4448:4,1)
recipedumper:oredict!@oreImpureIron->
recipedumper:oredict!@foodCandiedApple->(20256:1,1)
recipedumper:oredict!@blockTitanium->(1054:9,1)
recipedumper:oredict!@gemEmery->(13431:0,1)
recipedumper:oredict!@dustLemurite->
recipedumper:oredict!@foodSliceofCheese->(20256:50,1)
recipedumper:oredict!@dyeYellowCrystalShard->(10001:11,1)
recipedumper:oredict!@ingotLemurite->
recipedumper:oredict!@itemMotor->
recipedumper:oredict!@oreSphalerite->
recipedumper:oredict!@ingotNetherElectrum->
recipedumper:oredict!@foodMashedPotatos->(20256:14,1)
recipedumper:oredict!@reactorCasing->(2145:0,1)
recipedumper:oredict!@oreTartarite->
recipedumper:oredict!@glassMagenta->(3225:2,1)(3129:2,1)
recipedumper:oredict!@glassPink->(3225:6,1)(3129:6,1)
recipedumper:oredict!@oreDesh->
recipedumper:oredict!@crushedCopper->(30064:1,1)
recipedumper:oredict!@glassPaneOrange->(3130:1,1)
recipedumper:oredict!@ingotUnstable->(10258:0,1)
recipedumper:oredict!@stairWood->(53:0,1)(135:0,1)(136:0,1)(134:0,1)(1960:0,1)(1961:0,1)(1952:0,1)(1955:0,1)(1953:0,1)(1954:0,1)(1957:0,1)(1959:0,1)(1958:0,1)(1956:0,1)(1975:0,1)(1976:0,1)(1977:0,1)
recipedumper:oredict!@crystallineAluminumBrass->
recipedumper:oredict!@cropGingkoNut->(14258:36,1)
recipedumper:oredict!@blockFzDarkIron->(2171:3,1)
recipedumper:oredict!@blockAdamantine->
recipedumper:oredict!@sulfuricAcid->(9280:0,1)
recipedumper:oredict!@crystallineAluminum->(9293:7,1)
recipedumper:oredict!@oreEmerald->(129:0,1)(458:3,1)
recipedumper:oredict!@gemTopaz->(21264:3,1)
recipedumper:oredict!@clusterCinnabar->(25362:21,1)
recipedumper:oredict!@blockNaturalAluminum->(1054:8,1)
recipedumper:oredict!@dustVyroxeres->
recipedumper:oredict!@dyeOrange->(351:14,1)(13056:14,1)(2137:1,1)
recipedumper:oredict!@cropOrange->(14258:1,1)(14258:13,1)(14258:18,1)(14258:21,1)
recipedumper:oredict!@RotaryCraft:ingotBedrock->(30889:3,1)
recipedumper:oredict!@nuggetAluminum->(14276:22,1)(14360:4,1)
recipedumper:oredict!@dirtyGravelGold->(9290:1,1)
recipedumper:oredict!@dyeCeramicCyan->(12261:9,1)
recipedumper:oredict!@ingotNetherRedstone->
recipedumper:oredict!@itemCircuitBasic->
recipedumper:oredict!@dustPigIron->
recipedumper:oredict!@oreWood->
recipedumper:oredict!@dustSapphire->
recipedumper:oredict!@dustLithium->(30066:14,1)
recipedumper:oredict!@foodCupofWater->(20256:3,1)
recipedumper:oredict!@enderobsidian->(2523:1,1)
recipedumper:oredict!@foodFlour->(20256:78,1)
recipedumper:oredict!@glassGray->(3225:7,1)(3129:7,1)
recipedumper:oredict!@tinIngot->
recipedumper:oredict!@ingotAluminiumBrass->(14276:14,1)
recipedumper:oredict!@foodChocolate-CoveredStrawberries->(20256:48,1)
recipedumper:oredict!@dustTinyIron->(30065:0,1)
recipedumper:oredict!@orePlutonium->
recipedumper:oredict!@foodLoafofBreadBurned->(20256:133,1)
recipedumper:oredict!@cropBlackCherry->(14258:6,1)
recipedumper:oredict!@foodButter->(20256:33,1)
recipedumper:oredict!@plateIron->(30041:4,1)(13871:0,1)
recipedumper:oredict!@ingotMimichite->
recipedumper:oredict!@ingotNetherEssence->
recipedumper:oredict!@ingotMalachite->
recipedumper:oredict!@dustNetherAlumite->
recipedumper:oredict!@crystallineDark Iron->(9293:10,1)
recipedumper:oredict!@dustSoulSand->(30891:1,1)
recipedumper:oredict!@blockAstral Silver->
recipedumper:oredict!@rodIron->(31953:2,1)
recipedumper:oredict!@blockCarpet->(2762:0,1)
recipedumper:oredict!@foodChocolate->(20256:31,1)
recipedumper:oredict!@dustAmordrine->
recipedumper:oredict!@crushedPurifiedCopper->(30063:1,1)
recipedumper:oredict!@glassPaneLime->(3130:5,1)
recipedumper:oredict!@dustNetherCopper->
recipedumper:oredict!@crystallinePlatinum->
recipedumper:oredict!@oreRubracium->
recipedumper:oredict!@gemForce->(30901:27,1)
recipedumper:oredict!@peridotite->(776:9,1)
recipedumper:oredict!@dyeWhiteCrystal->(770:15,1)
recipedumper:oredict!@foodPeanuts->(20256:84,1)
recipedumper:oredict!@foodStrawberryJellyCookieDough->(20256:102,1)
recipedumper:oredict!@foodDicedPotatoes->(20256:93,1)
recipedumper:oredict!@icestone->(2523:1,1)
recipedumper:oredict!@foodShortcake->(20256:54,1)
recipedumper:oredict!@oreIridium->
recipedumper:oredict!@dustEssence->
recipedumper:oredict!@groundNickel->(4448:7,1)
recipedumper:oredict!@dustNetherFzDarkIron->
recipedumper:oredict!@reducedAluminum->(9292:7,1)
recipedumper:oredict!@ingotEnderium->(20264:74,1)
recipedumper:oredict!@arditeRod->(14277:11,1)
recipedumper:oredict!@cleanGravelTin->(9291:3,1)
recipedumper:oredict!@silverIngot->
recipedumper:oredict!@ingotTinyArdite->
recipedumper:oredict!@stoneQuartz->(776:10,1)
recipedumper:oredict!@ingotMoonstone->
recipedumper:oredict!@clumpAluminium->(31999:16,1)
recipedumper:oredict!@oreNetherAluminumBrass->
recipedumper:oredict!@glassPaneBlue->(3130:11,1)
recipedumper:oredict!@dustSulfur->(30066:13,1)(7783:1,1)(20264:128,1)(30901:48,1)
recipedumper:oredict!@blockDeep Iron->
recipedumper:oredict!@seedWheat->(295:0,1)(14257:8,1)
recipedumper:oredict!@dustNetherMalachite->
recipedumper:oredict!@oreEmery->(3172:2,1)
recipedumper:oredict!@bronzeRod->(14277:14,1)
recipedumper:oredict!@groundIron->(4448:5,1)
recipedumper:oredict!@oreLemurite->
recipedumper:oredict!@oreKalendrite->
recipedumper:oredict!@ingotSawdust->
recipedumper:oredict!@oreTinyIron->
recipedumper:oredict!@dustNaturalAluminum->
recipedumper:oredict!@dustNetherCoal->
recipedumper:oredict!@dustStone->(30066:9,1)
recipedumper:oredict!@greggy_greg_do_please_kindly_stuff_a_sock_in_it->(301:0,64)
recipedumper:oredict!@ingotHydratedCoal->
recipedumper:oredict!@ingotPitchblende->
recipedumper:oredict!@ingotImpureArdite->
recipedumper:oredict!@monazitItem->
recipedumper:oredict!@gemFluorite->(18262:0,1)(18262:1,1)(18262:2,1)(18262:3,1)(18262:4,1)(18262:5,1)(18262:6,1)(18262:7,1)(30901:52,1)
recipedumper:oredict!@oreNetherSaltpeter->(1442:14,1)
recipedumper:oredict!@ingotTin->(30067:1,1)(14276:10,1)(31973:0,1)(20264:65,1)(13864:0,1)(13864:0,1)(30901:0,1)(30901:35,1)(15157:1,1)(13440:8,1)
recipedumper:oredict!@shardFirestone->(30901:8,1)
recipedumper:oredict!@componentCarbonMyofiber->(25026:13,1)
recipedumper:oredict!@foodCinnamonToast->(20256:10,1)
recipedumper:oredict!@ingotCharcoal->
recipedumper:oredict!@cropDuskberry->(12657:1,1)
recipedumper:oredict!@ingotMagnetite->(18261:6,1)
recipedumper:oredict!@nuggetTitanium->
recipedumper:oredict!@dustOsmium->
recipedumper:oredict!@foodCheesyPotatoes->(20256:89,1)
recipedumper:oredict!@nugetGold->
recipedumper:oredict!@oreNetherTin->(1440:7,1)
recipedumper:oredict!@oreNetherFzDarkIron->
recipedumper:oredict!@cropLemon->(13386:3,1)
recipedumper:oredict!@oreTungsten->
recipedumper:oredict!@dyeCeramicLightGray->(12261:8,1)
recipedumper:oredict!@thaumiumRod->(14277:31,1)
recipedumper:oredict!@dyeLightGray->(351:7,1)(13056:7,1)(2137:8,1)
recipedumper:oredict!@steelRod->(14277:16,1)
recipedumper:oredict!@gemAdamantium->
recipedumper:oredict!@projredInsFramedWire->(9042:1,1)(9042:2,1)(9042:3,1)(9042:4,1)(9042:5,1)(9042:6,1)(9042:7,1)(9042:8,1)(9042:9,1)(9042:10,1)(9042:11,1)(9042:12,1)(9042:13,1)(9042:14,1)(9042:15,1)(9042:16,1)
recipedumper:oredict!@ingotNetherGlue->
recipedumper:oredict!@oreQuartz->(153:0,1)
recipedumper:oredict!@blockOreTin->
recipedumper:oredict!@glassLightGray->(3225:8,1)(3129:8,1)
recipedumper:oredict!@dustChromite->
recipedumper:oredict!@oreGraphite->
recipedumper:oredict!@oreMidasium->
recipedumper:oredict!@gearStone->(19357:0,1)(8790:1,1)
recipedumper:oredict!@crystallineGalena->(9293:6,1)
recipedumper:oredict!@dustNetherForce->
recipedumper:oredict!@dropHoney->(13283:0,1)
recipedumper:oredict!@reactorComputerPort->(2145:14,1)
recipedumper:oredict!@oreImpureAluminum->
recipedumper:oredict!@rockSandstone->(776:5,1)
recipedumper:oredict!@oreBronze->
recipedumper:oredict!@dustAlumite->
recipedumper:oredict!@itemRawRubber->(14276:36,1)(12258:0,1)
recipedumper:oredict!@dustNetherSaltpeter->
recipedumper:oredict!@dustMidasium->
recipedumper:oredict!@bottleSulfuricAcid->(9280:0,1)
recipedumper:oredict!@processor->(4036:0,1)
recipedumper:oredict!@oreTinyAluminium->
recipedumper:oredict!@dyeCeramicPink->(12261:6,1)
recipedumper:oredict!@oreNetherEssence->(3637:0,1)
recipedumper:oredict!@componentMyofiberGel->(25026:15,1)
recipedumper:oredict!@shale->(776:4,1)
recipedumper:oredict!@dustNetherGold->
recipedumper:oredict!@itemPlateCopper->
recipedumper:oredict!@record->(2256:0,1)(2257:0,1)(2258:0,1)(2259:0,1)(2260:0,1)(2261:0,1)(2262:0,1)(2263:0,1)(2264:0,1)(2265:0,1)(2266:0,1)(2267:0,1)
recipedumper:oredict!@cropChestnut->(13386:2,1)
recipedumper:oredict!@ingotVulcanite->
recipedumper:oredict!@oreTetrahedrite->
recipedumper:oredict!@dustTinySulfur->(30065:6,1)
recipedumper:oredict!@gearInvar->(20264:227,1)
recipedumper:oredict!@nuggetManyullyn->(14276:30,1)
recipedumper:oredict!@ironRod->(14277:2,1)
recipedumper:oredict!@ingotEmery->
recipedumper:oredict!@gemNikolite->
recipedumper:oredict!@blockHaderoth->
recipedumper:oredict!@crushedPurifiedTin->(30063:3,1)
recipedumper:oredict!@dustSodalite->
recipedumper:oredict!@crushedPurifiedGold->(30063:2,1)
recipedumper:oredict!@foodVanillaIceCreamMix->(20256:105,1)
recipedumper:oredict!@ingotImpureCobalt->
recipedumper:oredict!@foodToastedPB&JSandwichApple->(20256:59,1)
recipedumper:oredict!@dyeBrown->(351:3,1)(21266:6,1)(20522:32,1)(12248:0,1)(8829:25,1)(13056:3,1)(2137:12,1)
recipedumper:oredict!@foodAppleMush->(20256:70,1)
recipedumper:oredict!@ingotNaturalAluminum->(20522:0,1)(14276:11,1)(30889:4,1)(30901:6,1)(15157:4,1)(13440:0,1)
recipedumper:oredict!@coralGray->(1021:10,1)
recipedumper:oredict!@foodRawHamburgerPatty->(20256:8,1)
recipedumper:oredict!@oreZinc->
recipedumper:oredict!@cropDate->(13386:5,1)
recipedumper:oredict!@oreNetherApatite->
recipedumper:oredict!@dirtyGravelCopper->(9290:4,1)
recipedumper:oredict!@plateDenseBronze->(30084:2,1)
recipedumper:oredict!@nuggetThaumium->(25362:6,1)
recipedumper:oredict!@ingotNetherCoal->
recipedumper:oredict!@dustImpureGold->(4448:13,1)
recipedumper:oredict!@oreNetherSulfur->(1442:5,1)
recipedumper:oredict!@oreDirtyArdite->
recipedumper:oredict!@cropPapaya->(13386:6,1)
recipedumper:oredict!@dustOureclase->
recipedumper:oredict!@itemPollen->(13286:0,1)
recipedumper:oredict!@seedRye->(14257:10,1)
recipedumper:oredict!@gear->
recipedumper:oredict!@bricksGravel->(2523:6,1)
recipedumper:oredict!@gemSteel->
recipedumper:oredict!@blockAluminium->(1478:6,1)(1054:8,1)
recipedumper:oredict!@stoneGranite->(776:0,1)
recipedumper:oredict!@blockOsmium->
recipedumper:oredict!@oreInfusedAir->(2403:1,1)(2403:1,1)
recipedumper:oredict!@oreClay->
recipedumper:oredict!@dyeLimeCrystal->(770:10,1)
recipedumper:oredict!@ingotAsh->
recipedumper:oredict!@ingotSiliconDioxide->
recipedumper:oredict!@blockShadow Iron->
recipedumper:oredict!@dropRoyalJelly->(13288:0,1)
recipedumper:oredict!@oreOsmium->
recipedumper:oredict!@blockDirt->(2766:0,1)
recipedumper:oredict!@dustPlatinum->(20264:37,1)(4448:23,1)
recipedumper:oredict!@foodCheeseSandwich->(20256:26,1)
recipedumper:oredict!@cropBanana->(14258:28,1)(14258:29,1)
recipedumper:oredict!@ingotChromite->
recipedumper:oredict!@ingotTinyLithium->
recipedumper:oredict!@oreSilver->(2171:0,1)(2036:4,1)(2001:2,1)(432:2,1)
recipedumper:oredict!@foodShortcakeBurned->(20256:139,1)
recipedumper:oredict!@oreQuicklime->
recipedumper:oredict!@foodSnickerdoodleDough->(20256:99,1)
recipedumper:oredict!@gemDiamond->(30135:0,1)(264:0,1)(264:0,1)(264:0,1)(264:0,1)(30901:33,1)(264:0,1)
recipedumper:oredict!@dustNetherTin->
recipedumper:oredict!@cropHops->(14257:5,1)
recipedumper:oredict!@dustApatite->
recipedumper:oredict!@dyeCeramicGray->(12261:7,1)
recipedumper:oredict!@oreSaltpeter->(458:1,1)
recipedumper:oredict!@crystallineSilver->(9293:5,1)
recipedumper:oredict!@foodButterCookie->(20256:110,1)
